#
# A fatal error has been detected by the Java Runtime Environment:
#
#  EXCEPTION_ACCESS_VIOLATION (0xc0000005) at pc=0x00007ffd0ac326c4, pid=14892, tid=6644
#
# JRE version: Java(TM) SE Runtime Environment (24.0.1+9) (build 24.0.1+9-30)
# Java VM: Java HotSpot(TM) 64-Bit Server VM (24.0.1+9-30, mixed mode, emulated-client, sharing, tiered, compressed oops, compressed class ptrs, g1 gc, windows-amd64)
# Problematic frame:
# C  [libasyncProfiler.dll+0x926c4]
#
# No core dump will be written. Minidumps are not enabled by default on client versions of Windows
#
# If you would like to submit a bug report, please visit:
#   https://bugreport.java.com/bugreport/crash.jsp
# The crash happened outside the Java Virtual Machine in native code.
# See problematic frame for where to report the bug.
#

---------------  S U M M A R Y ------------

Command Line: -agentlib:jdwp=transport=dt_shmem,address=javadebug,suspend=y,server=n -javaagent:C:\Users\tangt\AppData\Local\JetBrains\IntelliJIdea2025.1\captureAgent\debugger-agent.jar=file:///C:/Users/tangt/AppData/Local/Temp/capture1388024516115161791.props -agentpath:C:\Users\tangt\AppData\Local\Temp\idea_libasyncProfiler_dll_temp_folder1\libasyncProfiler.dll=version,jfr,event=wall,interval=10ms,cstack=no,file=C:\Users\tangt\IdeaSnapshots\Application_2025_12_08_110213.jfr,dbghelppath=C:\Users\tangt\AppData\Local\Temp\idea_dbghelp_dll_temp_folder\dbghelp.dll,log=C:\Users\tangt\AppData\Local\Temp\Application_2025_12_08_110213.jfr.log.txt,logLevel=DEBUG -XX:TieredStopAtLevel=1 -Dspring.output.ansi.enabled=always -Dcom.sun.management.jmxremote -Dspring.jmx.enabled=true -Dspring.liveBeansView.mbeanDomain -Dspring.application.admin.enabled=true -Dmanagement.endpoints.jmx.exposure.include=* -Dkotlinx.coroutines.debug.enable.creation.stack.trace=false -Ddebugger.agent.enable.coroutines=true -Dkotlinx.coroutines.debug.enable.flows.stack.trace=true -Dkotlinx.coroutines.debug.enable.mutable.state.flows.stack.trace=true -Dfile.encoding=UTF-8 -Dsun.stdout.encoding=UTF-8 -Dsun.stderr.encoding=UTF-8 com.capston.project.back.end.Application

Host: Intel(R) Core(TM) i5-10300H CPU @ 2.50GHz, 8 cores, 15G,  Windows 11 , 64 bit Build 26100 (10.0.26100.7019)
Time: Mon Dec  8 11:04:01 2025 SE Asia Standard Time elapsed time: 107.353132 seconds (0d 0h 1m 47s)

---------------  T H R E A D  ---------------

Current thread (0x0000018db4a41490):  JavaThread "Attach Listener" daemon [_thread_in_native, id=6644, stack(0x0000004a4a200000,0x0000004a4a300000) (1024K)]

Stack: [0x0000004a4a200000,0x0000004a4a300000],  sp=0x0000004a4a2ff350,  free space=1020k
Native frames: (J=compiled Java code, j=interpreted, Vv=VM code, C=native code)
C  [libasyncProfiler.dll+0x926c4]  (no source info available)
C  [libasyncProfiler.dll+0x92b9b]  (no source info available)
C  [libasyncProfiler.dll+0x917f4]  (no source info available)
C  [libasyncProfiler.dll+0x9206a]  (no source info available)
C  [libasyncProfiler.dll+0x8cc21]  (no source info available)
C  [libasyncProfiler.dll+0x7e5e1]  (no source info available)
C  [libasyncProfiler.dll+0x7d2f8]  (no source info available)
C  [libasyncProfiler.dll+0x7d1e0]  (no source info available)
C  [libasyncProfiler.dll+0x841b9]  (no source info available)
V  [jvm.dll+0x57eff7]  (no source info available)
V  [jvm.dll+0x57fdac]  (no source info available)
V  [jvm.dll+0x14ca17]  (no source info available)
V  [jvm.dll+0x14dfe1]  (no source info available)
V  [jvm.dll+0x42f456]  (no source info available)
V  [jvm.dll+0x87d76b]  (no source info available)
V  [jvm.dll+0x72ee55]  (no source info available)
C  [ucrtbase.dll+0x37b0]  (no source info available)
C  [KERNEL32.DLL+0x2e8d7]  (no source info available)
C  [ntdll.dll+0x8c53c]  (no source info available)


siginfo: EXCEPTION_ACCESS_VIOLATION (0xc0000005), reading address 0xffffffffffffffff


Registers:
RAX=0x0000000000000010, RBX=0x0000000000000000, RCX=0xffffffffffffffff, RDX=0x007ffc8157301010
RSP=0x0000004a4a2ff350, RBP=0x0000018dfb87a708, RSI=0x0000004a4a2ff4c0, RDI=0x0000018dfb87a708
R8 =0x0000000000000042, R9 =0x0000000701c00a08, R10=0x00007ffc817e9fb0, R11=0x00000000000000ae
R12=0x0000004a4a2ff4c0, R13=0x0000018d9e4fb660, R14=0x0000018db4a41858, R15=0x0000018db4a41858
RIP=0x00007ffd0ac326c4, EFLAGS=0x0000000000010202

XMM[0]=0x0000000000000000 0x0000000000000000
XMM[1]=0x0000000000000000 0x0000000000000000
XMM[2]=0x0000000000000000 0x0000000000000000
XMM[3]=0x0000000000000000 0x0000000000000000
XMM[4]=0x0000000000000000 0x0000000000000000
XMM[5]=0x0000000000000000 0x0000000000000000
XMM[6]=0x0000000000000000 0x0000000000000000
XMM[7]=0x0000000000000000 0x0000000000000000
XMM[8]=0x0000000000000000 0x0000000000000000
XMM[9]=0x0000000000000000 0x0000000000000000
XMM[10]=0x0000000000000000 0x0000000000000000
XMM[11]=0x0000000000000000 0x0000000000000000
XMM[12]=0x0000000000000000 0x0000000000000000
XMM[13]=0x0000000000000000 0x0000000000000000
XMM[14]=0x0000000000000000 0x0000000000000000
XMM[15]=0x0000000000000000 0x0000000000000000
  MXCSR=0x00001fa0


Register to memory mapping:

RAX=0x0000000000000010 is an unknown value
RBX=0x0 is null
RCX=0xffffffffffffffff is an unknown value
RDX=0x007ffc8157301010 is an unknown value
RSP=0x0000004a4a2ff350 is pointing into the stack for thread: 0x0000018db4a41490
RBP=0x0000018dfb87a708 points into unknown readable memory: 0x0000000701c00a08 | 08 0a c0 01 07 00 00 00
RSI=0x0000004a4a2ff4c0 is pointing into the stack for thread: 0x0000018db4a41490
RDI=0x0000018dfb87a708 points into unknown readable memory: 0x0000000701c00a08 | 08 0a c0 01 07 00 00 00
R8 =0x0000000000000042 is an unknown value
R9 =0x0000000701c00a08 is an oop: java.lang.ref.Reference$ReferenceHandler 
{0x0000000701c00a08} - klass: 'java/lang/ref/Reference$ReferenceHandler' - flags: 

 - ---- fields (total size 14 words):
 - 'threadLocalRandomProbe' 'I' @12  0 (0x00000000)
 - private volatile 'eetop' 'J' @16  1708132653168 (0x0000018db4a3d870)
 - private final 'tid' 'J' @24  14 (0x000000000000000e)
 - 'threadLocalRandomSeed' 'J' @32  0 (0x0000000000000000)
 - injected 'jvmti_thread_state' 'J' @40  1708133151376 (0x0000018db4ab7290)
 - 'threadLocalRandomSecondarySeed' 'I' @48  0 (0x00000000)
 - injected 'jvmti_VTMS_transition_disable_count' 'I' @52  0 (0x00000000)
 - injected 'jfr_epoch' 'S' @56  0 (0x0000)
 - volatile 'interrupted' 'Z' @58  false (0x00)
 - injected 'jvmti_is_in_VTMS_transition' 'Z' @59  false (0x00)
 - private volatile 'name' 'Ljava/lang/String;' @60  "Reference Handler"{0x0000000701c71540} (0xe038e2a8)
 - private volatile 'contextClassLoader' 'Ljava/lang/ClassLoader;' @64  null (0x00000000)
 - private final 'holder' 'Ljava/lang/Thread$FieldHolder;' @68  a 'java/lang/Thread$FieldHolder'{0x0000000702254be8} (0xe044a97d)
 - 'threadLocals' 'Ljava/lang/ThreadLocal$ThreadLocalMap;' @72  null (0x00000000)
 - 'inheritableThreadLocals' 'Ljava/lang/ThreadLocal$ThreadLocalMap;' @76  null (0x00000000)
 - private 'scopedValueBindings' 'Ljava/lang/Object;' @80  a 'java/lang/Class'{0x0000000701c01500} = 'java/lang/Thread' (0xe03802a0)
 - final 'interruptLock' 'Ljava/lang/Object;' @84  a 'java/lang/Object'{0x000000070233c848} (0xe0467909)
 - private volatile 'parkBlocker' 'Ljava/lang/Object;' @88  null (0x00000000)
 - private 'nioBlocker' 'Lsun/nio/ch/Interruptible;' @92  null (0x00000000)
 - private 'cont' 'Ljdk/internal/vm/Continuation;' @96  null (0x00000000)
 - private volatile 'uncaughtExceptionHandler' 'Ljava/lang/Thread$UncaughtExceptionHandler;' @100  null (0x00000000)
 - private 'container' 'Ljdk/internal/vm/ThreadContainer;' @104  null (0x00000000)
 - private volatile 'headStackableScopes' 'Ljdk/internal/vm/StackableScope;' @108  null (0x00000000)
R10=0x00007ffc817e9fb0 jvm.dll
R11=0x00000000000000ae is an unknown value
R12=0x0000004a4a2ff4c0 is pointing into the stack for thread: 0x0000018db4a41490
R13=0x0000018d9e4fb660 points into unknown readable memory: 0x00007ffc8175a510 | 10 a5 75 81 fc 7f 00 00
R14=0x0000018db4a41858 points into unknown readable memory: 0x00007ffc817517b0 | b0 17 75 81 fc 7f 00 00
R15=0x0000018db4a41858 points into unknown readable memory: 0x00007ffc817517b0 | b0 17 75 81 fc 7f 00 00

Top of Stack: (sp=0x0000004a4a2ff350)
0x0000004a4a2ff350:   0000004a4a2ff4c0 0000018dfb87a708   ../JJ...........
0x0000004a4a2ff360:   0000000000000000 0000018db4a41be0   ................
0x0000004a4a2ff370:   0000000000000037 00007ffd0ac32b9b   7........+......
0x0000004a4a2ff380:   0000000000000000 0000018db4a41858   ........X.......
0x0000004a4a2ff390:   0000004a4a2ff401 0000000000000000   ../JJ...........
0x0000004a4a2ff3a0:   0000018d85dc38d0 00007ffd0ac317f4   .8..............
0x0000004a4a2ff3b0:   0000000000000000 0000000000000037   ........7.......
0x0000004a4a2ff3c0:   0000000000000000 0000000000000037   ........7.......
0x0000004a4a2ff3d0:   0000002000000002 0000018d85dc36b0   .... ....6......
0x0000004a4a2ff3e0:   0000018d85dc38d0 0000018d85dc39ac   .8.......9......
0x0000004a4a2ff3f0:   0000018d85dc39cc 0000000000001450   .9......P.......
0x0000004a4a2ff400:   0000000000000000 0000000000000000   ................
0x0000004a4a2ff410:   0000000000000000 00007ffc80fb57d4   .........W......
0x0000004a4a2ff420:   00007ffd0ad74ca0 0000000000003a2c   .L......,:......
0x0000004a4a2ff430:   00007ffd0ad74ca0 00000000ffffffff   .L..............
0x0000004a4a2ff440:   0000000000000000 00007ffd0ac3206a   ........j ......
0x0000004a4a2ff450:   0000018db4a41858 0000000000000000   X...............
0x0000004a4a2ff460:   0000004a4a2ff4c9 0000018d9e4fb660   ../JJ...`.O.....
0x0000004a4a2ff470:   00007ffd1f9088b0 00007ffd1f7e0139   ........9.~.....
0x0000004a4a2ff480:   000000000000001b 00007ffd1fcf8239   ........9.......
0x0000004a4a2ff490:   0000018db4a41858 00007ffd0ad74ca0   X........L......
0x0000004a4a2ff4a0:   000000000000000b 00007ffc81241712   ..........$.....
0x0000004a4a2ff4b0:   0000000000000000 0000018db4a41858   ........X.......
0x0000004a4a2ff4c0:   0000018d864dd110 0000018d864dd7f0   ..M.......M.....
0x0000004a4a2ff4d0:   0000018d864dd7f0 00007ffd0ad74ca0   ..M......L......
0x0000004a4a2ff4e0:   0000018da094e558 0000004a4a2ff658   X.......X./JJ...
0x0000004a4a2ff4f0:   0000004a4a2ff790 0000000000008840   ../JJ...@.......
0x0000004a4a2ff500:   0000004a4a2ff970 00007ffd0ad74cf0   p./JJ....L......
0x0000004a4a2ff510:   0000000000989680 0000000000989680   ................
0x0000004a4a2ff520:   0000004a4a2ff630 00007ffd0ac2cc21   0./JJ...!.......
0x0000004a4a2ff530:   00007ffd0ad74ca0 00007ffd0ad74cf8   .L.......L......
0x0000004a4a2ff540:   00007ffd00000000 003fa44d00000001   ............M.?.

Instructions: (pc=0x00007ffd0ac326c4)
  0x00007ffd0ac325c4:   cc cc cc cc cc cc cc cc cc cc cc cc cc cc cc cc
  0x00007ffd0ac325d4:   cc cc cc cc cc cc cc cc cc cc cc cc cc cc cc cc
  0x00007ffd0ac325e4:   cc cc cc cc cc cc cc cc cc cc cc cc cc cc cc cc
  0x00007ffd0ac325f4:   cc cc cc cc cc cc cc cc cc cc cc cc cc cc cc cc
  0x00007ffd0ac32604:   cc cc cc cc cc cc cc cc cc cc cc cc cc cc cc cc
  0x00007ffd0ac32614:   cc cc cc cc cc cc cc cc cc cc cc cc cc cc cc cc
  0x00007ffd0ac32624:   cc cc cc cc cc cc cc cc cc cc cc cc cc cc cc cc
  0x00007ffd0ac32634:   cc cc cc cc cc cc cc cc cc cc cc cc cc cc cc cc
  0x00007ffd0ac32644:   cc cc cc cc cc cc cc cc cc cc cc cc 40 57 48 83
  0x00007ffd0ac32654:   ec 20 48 8b f9 48 8b 0d 10 28 14 00 48 85 c9 74
  0x00007ffd0ac32664:   20 48 8b 01 48 8d 54 24 38 41 b8 06 00 01 00 4c
  0x00007ffd0ac32674:   8b 48 30 41 ff d1 85 c0 75 07 48 8b 4c 24 38 eb
  0x00007ffd0ac32684:   02 33 c9 4c 8b 05 ea 28 14 00 48 89 5c 24 30 4d
  0x00007ffd0ac32694:   85 c0 74 4a 48 8b 01 48 8b d7 4c 8b 88 28 03 00
  0x00007ffd0ac326a4:   00 41 ff d1 48 85 c0 74 35 48 63 0d f8 e6 13 00
  0x00007ffd0ac326b4:   48 8b 14 01 48 85 d2 74 15 48 63 05 fc e6 13 00
=>0x00007ffd0ac326c4:   8b 04 10 48 8b 5c 24 30 48 83 c4 20 5f c3 b8 ff
  0x00007ffd0ac326d4:   ff ff ff 48 8b 5c 24 30 48 83 c4 20 5f c3 80 3d
  0x00007ffd0ac326e4:   9b 27 14 00 00 bb ff ff ff ff 74 20 4c 8b 0d 31
  0x00007ffd0ac326f4:   24 14 00 4c 8d 44 24 38 48 8b 0d 15 24 14 00 48
  0x00007ffd0ac32704:   8b d7 41 ff d1 85 c0 0f 44 5c 24 38 8b c3 48 8b
  0x00007ffd0ac32714:   5c 24 30 48 83 c4 20 5f c3 cc cc cc cc cc cc cc
  0x00007ffd0ac32724:   cc cc cc cc cc cc cc cc cc cc cc cc cc cc cc cc
  0x00007ffd0ac32734:   cc cc cc cc cc cc cc cc cc cc cc cc cc cc cc cc
  0x00007ffd0ac32744:   cc cc cc cc cc cc cc cc cc cc cc cc 48 89 54 24
  0x00007ffd0ac32754:   10 53 55 56 57 41 56 41 57 48 83 ec 28 48 8b f2
  0x00007ffd0ac32764:   4c 8b f1 48 89 4c 24 78 45 33 ff 44 89 7c 24 68
  0x00007ffd0ac32774:   c7 44 24 60 01 00 00 00 48 8d 4c 24 68 e8 ed 42
  0x00007ffd0ac32784:   f7 ff 8b d8 48 8d 4c 24 60 e8 e1 42 f7 ff 8b e8
  0x00007ffd0ac32794:   49 8b ce e8 00 fc f6 ff 48 8b f8 90 8b c3 f0 0f
  0x00007ffd0ac327a4:   b1 2f 74 04 f3 90 eb f4 4c 89 3e 4c 89 7e 08 4c
  0x00007ffd0ac327b4:   89 7e 10 49 8b 6e 08 4d 8b 76 10 49 3b ee 0f 84


Stack slot to memory mapping:

stack at sp + 0 slots: 0x0000004a4a2ff4c0 is pointing into the stack for thread: 0x0000018db4a41490
stack at sp + 1 slots: 0x0000018dfb87a708 points into unknown readable memory: 0x0000000701c00a08 | 08 0a c0 01 07 00 00 00
stack at sp + 2 slots: 0x0 is null
stack at sp + 3 slots: 0x0000018db4a41be0 points into unknown readable memory: 0x6e616c2e6176616a | 6a 61 76 61 2e 6c 61 6e
stack at sp + 4 slots: 0x0000000000000037 is an unknown value
stack at sp + 5 slots: 0x00007ffd0ac32b9b libasyncProfiler.dll
stack at sp + 6 slots: 0x0 is null
stack at sp + 7 slots: 0x0000018db4a41858 points into unknown readable memory: 0x00007ffc817517b0 | b0 17 75 81 fc 7f 00 00

Lock stack of current Java thread (top to bottom):


---------------  P R O C E S S  ---------------

Threads class SMR info:
_java_thread_list=0x0000018d8651ca70, length=36, elements={
0x0000018db4a3d870, 0x0000018db4a3e0b0, 0x0000018db4a40480, 0x0000018db4a41490,
0x0000018db4a465e0, 0x0000018db4a47650, 0x0000018db4a48fe0, 0x0000018db4baaa30,
0x0000018db4bd07b0, 0x0000018db4bd0f00, 0x0000018db4be2b50, 0x0000018db4cfae20,
0x0000018dfa0a6140, 0x0000018dfb391240, 0x0000018dfb92ed00, 0x0000018dfb930a40,
0x0000018dfef2f870, 0x0000018dfef32450, 0x0000018d80b52c90, 0x0000018d80b5a190,
0x0000018d80b58ba0, 0x0000018d80b5e360, 0x0000018d80659d30, 0x0000018dfef33a40,
0x0000018d86292360, 0x0000018d86293950, 0x0000018d862940a0, 0x0000018d86292ab0,
0x0000018d86291c10, 0x0000018d86294f40, 0x0000018d862947f0, 0x0000018d86295690,
0x0000018d86295de0, 0x0000018d86296530, 0x0000018d86293200, 0x0000018d86681010
}

Java Threads: ( => current thread )
  0x0000018db4a3d870 JavaThread "Reference Handler"          daemon [_thread_blocked, id=24212, stack(0x0000004a49f00000,0x0000004a4a000000) (1024K)]
  0x0000018db4a3e0b0 JavaThread "Finalizer"                  daemon [_thread_blocked, id=10156, stack(0x0000004a4a000000,0x0000004a4a100000) (1024K)]
  0x0000018db4a40480 JavaThread "Signal Dispatcher"          daemon [_thread_blocked, id=9416, stack(0x0000004a4a100000,0x0000004a4a200000) (1024K)]
=>0x0000018db4a41490 JavaThread "Attach Listener"            daemon [_thread_in_native, id=6644, stack(0x0000004a4a200000,0x0000004a4a300000) (1024K)]
  0x0000018db4a465e0 JavaThread "Service Thread"             daemon [_thread_blocked, id=24148, stack(0x0000004a4a300000,0x0000004a4a400000) (1024K)]
  0x0000018db4a47650 JavaThread "Monitor Deflation Thread"   daemon [_thread_blocked, id=13916, stack(0x0000004a4a400000,0x0000004a4a500000) (1024K)]
  0x0000018db4a48fe0 JavaThread "C1 CompilerThread0"         daemon [_thread_blocked, id=11028, stack(0x0000004a4a500000,0x0000004a4a600000) (1024K)]
  0x0000018db4baaa30 JavaThread "JDWP Transport Listener: dt_shmem" daemon [_thread_blocked, id=10856, stack(0x0000004a4a800000,0x0000004a4a900000) (1024K)]
  0x0000018db4bd07b0 JavaThread "JDWP Event Helper Thread"   daemon [_thread_blocked, id=16232, stack(0x0000004a4a900000,0x0000004a4aa00000) (1024K)]
  0x0000018db4bd0f00 JavaThread "JDWP Command Reader"        daemon [_thread_in_native, id=22944, stack(0x0000004a4aa00000,0x0000004a4ab00000) (1024K)]
  0x0000018db4be2b50 JavaThread "Common-Cleaner"             daemon [_thread_blocked, id=20392, stack(0x0000004a4ab00000,0x0000004a4ac00000) (1024K)]
  0x0000018db4cfae20 JavaThread "IntelliJ Suspend Helper"    daemon [_thread_blocked, id=21688, stack(0x0000004a4ac00000,0x0000004a4ad00000) (1024K)]
  0x0000018dfa0a6140 JavaThread "Notification Thread"        daemon [_thread_blocked, id=24056, stack(0x0000004a4ad00000,0x0000004a4ae00000) (1024K)]
  0x0000018dfb391240 JavaThread "RMI TCP Accept-0"           daemon [_thread_in_native, id=14280, stack(0x0000004a4af00000,0x0000004a4b000000) (1024K)]
  0x0000018dfb92ed00 JavaThread "RMI TCP Connection(idle)"   daemon [_thread_blocked, id=8980, stack(0x0000004a4b900000,0x0000004a4ba00000) (1024K)]
  0x0000018dfb930a40 JavaThread "RMI Scheduler(0)"           daemon [_thread_blocked, id=11996, stack(0x0000004a4ba00000,0x0000004a4bb00000) (1024K)]
  0x0000018dfef2f870 JavaThread "PostgreSQL-JDBC-Cleaner"    daemon [_thread_blocked, id=724, stack(0x0000004a4bd00000,0x0000004a4be00000) (1024K)]
  0x0000018dfef32450 JavaThread "HikariPool-1:housekeeper"   daemon [_thread_blocked, id=10776, stack(0x0000004a4be00000,0x0000004a4bf00000) (1024K)]
  0x0000018d80b52c90 JavaThread "Catalina-utility-1"                [_thread_blocked, id=7580, stack(0x0000004a4c000000,0x0000004a4c100000) (1024K)]
  0x0000018d80b5a190 JavaThread "Catalina-utility-2"                [_thread_blocked, id=3728, stack(0x0000004a4c100000,0x0000004a4c200000) (1024K)]
  0x0000018d80b58ba0 JavaThread "container-0"                       [_thread_blocked, id=5228, stack(0x0000004a4c200000,0x0000004a4c300000) (1024K)]
  0x0000018d80b5e360 JavaThread "File Watcher"               daemon [_thread_blocked, id=15956, stack(0x0000004a4c300000,0x0000004a4c400000) (1024K)]
  0x0000018d80659d30 JavaThread "http-nio-8088-exec-1"       daemon [_thread_blocked, id=12700, stack(0x0000004a4c400000,0x0000004a4c500000) (1024K)]
  0x0000018dfef33a40 JavaThread "http-nio-8088-exec-2"       daemon [_thread_blocked, id=22548, stack(0x0000004a4c500000,0x0000004a4c600000) (1024K)]
  0x0000018d86292360 JavaThread "http-nio-8088-exec-3"       daemon [_thread_blocked, id=11188, stack(0x0000004a4c600000,0x0000004a4c700000) (1024K)]
  0x0000018d86293950 JavaThread "http-nio-8088-exec-4"       daemon [_thread_blocked, id=15200, stack(0x0000004a4c700000,0x0000004a4c800000) (1024K)]
  0x0000018d862940a0 JavaThread "http-nio-8088-exec-5"       daemon [_thread_blocked, id=11440, stack(0x0000004a4c800000,0x0000004a4c900000) (1024K)]
  0x0000018d86292ab0 JavaThread "http-nio-8088-exec-6"       daemon [_thread_blocked, id=22180, stack(0x0000004a4c900000,0x0000004a4ca00000) (1024K)]
  0x0000018d86291c10 JavaThread "http-nio-8088-exec-7"       daemon [_thread_blocked, id=23992, stack(0x0000004a4ca00000,0x0000004a4cb00000) (1024K)]
  0x0000018d86294f40 JavaThread "http-nio-8088-exec-8"       daemon [_thread_blocked, id=22544, stack(0x0000004a4cb00000,0x0000004a4cc00000) (1024K)]
  0x0000018d862947f0 JavaThread "http-nio-8088-exec-9"       daemon [_thread_blocked, id=21948, stack(0x0000004a4cc00000,0x0000004a4cd00000) (1024K)]
  0x0000018d86295690 JavaThread "http-nio-8088-exec-10"      daemon [_thread_blocked, id=2520, stack(0x0000004a4cd00000,0x0000004a4ce00000) (1024K)]
  0x0000018d86295de0 JavaThread "http-nio-8088-Poller"       daemon [_thread_in_native, id=4708, stack(0x0000004a4ce00000,0x0000004a4cf00000) (1024K)]
  0x0000018d86296530 JavaThread "http-nio-8088-Acceptor"     daemon [_thread_in_native, id=17228, stack(0x0000004a4cf00000,0x0000004a4d000000) (1024K)]
  0x0000018d86293200 JavaThread "DestroyJavaVM"                     [_thread_blocked, id=5480, stack(0x0000004a49700000,0x0000004a49800000) (1024K)]
  0x0000018d86681010 JavaThread "C1 CompilerThread1"         daemon [_thread_blocked, id=5200, stack(0x0000004a49400000,0x0000004a49500000) (1024K)]
Total: 36

Other Threads:
  0x0000018db4a2a560 VMThread "VM Thread"                           [id=6904, stack(0x0000004a49e00000,0x0000004a49f00000) (1024K)]
  0x0000018da063fd20 WatcherThread "VM Periodic Task Thread"        [id=9516, stack(0x0000004a49d00000,0x0000004a49e00000) (1024K)]
  0x0000018da05396a0 WorkerThread "GC Thread#0"                     [id=10412, stack(0x0000004a49800000,0x0000004a49900000) (1024K)]
  0x0000018dfb939f50 WorkerThread "GC Thread#1"                     [id=16760, stack(0x0000004a4b200000,0x0000004a4b300000) (1024K)]
  0x0000018dfb55dc00 WorkerThread "GC Thread#2"                     [id=11960, stack(0x0000004a4b300000,0x0000004a4b400000) (1024K)]
  0x0000018dfb9b0110 WorkerThread "GC Thread#3"                     [id=3396, stack(0x0000004a4b400000,0x0000004a4b500000) (1024K)]
  0x0000018dfb936e70 WorkerThread "GC Thread#4"                     [id=8712, stack(0x0000004a4b500000,0x0000004a4b600000) (1024K)]
  0x0000018dfb9bc1b0 WorkerThread "GC Thread#5"                     [id=24136, stack(0x0000004a4b600000,0x0000004a4b700000) (1024K)]
  0x0000018dfb9bb6a0 WorkerThread "GC Thread#6"                     [id=4100, stack(0x0000004a4b700000,0x0000004a4b800000) (1024K)]
  0x0000018dfb9bba50 WorkerThread "GC Thread#7"                     [id=19952, stack(0x0000004a4b800000,0x0000004a4b900000) (1024K)]
  0x0000018da058e230 ConcurrentGCThread "G1 Main Marker"            [id=14008, stack(0x0000004a49900000,0x0000004a49a00000) (1024K)]
  0x0000018da05902a0 WorkerThread "G1 Conc#0"                       [id=23252, stack(0x0000004a49a00000,0x0000004a49b00000) (1024K)]
  0x0000018dfbcdc580 WorkerThread "G1 Conc#1"                       [id=5812, stack(0x0000004a4bc00000,0x0000004a4bd00000) (1024K)]
  0x0000018da062fd20 ConcurrentGCThread "G1 Refine#0"               [id=6432, stack(0x0000004a49b00000,0x0000004a49c00000) (1024K)]
  0x0000018da0630650 ConcurrentGCThread "G1 Service"                [id=5592, stack(0x0000004a49c00000,0x0000004a49d00000) (1024K)]
Total: 15

Threads with active compile tasks:
Total: 0

VM state: not at safepoint (normal execution)

VM Mutex/Monitor currently owned by a thread: None

Heap address: 0x0000000701600000, size: 4074 MB, Compressed Oops mode: Zero based, Oop shift amount: 3

CDS archive(s) mapped at: [0x0000018db5000000-0x0000018db5d40000-0x0000018db5d40000), size 13893632, SharedBaseAddress: 0x0000018db5000000, ArchiveRelocationMode: 1.
Compressed class space mapped at: 0x0000018db6000000-0x0000018df6000000, reserved size: 1073741824
UseCompressedClassPointers 1, UseCompactObjectHeaders 0
Narrow klass pointer bits 32, Max shift 3
Narrow klass base: 0x0000018db5000000, Narrow klass shift: 0
Encoding Range: [0x0000018db5000000 - 0x0000018eb5000000), (4294967296 bytes)
Klass Range:    [0x0000018db5000000 - 0x0000018df6000000), (1090519040 bytes)
Klass ID Range:  [8 - 1090519033) (1090519025)

GC Precious Log:
 CardTable entry size: 512
 Card Set container configuration: InlinePtr #cards 4 size 8 Array Of Cards #cards 16 size 48 Howl #buckets 8 coarsen threshold 3686 Howl Bitmap #cards 512 size 80 coarsen threshold 460 Card regions per heap region 1 cards per card region 4096
 CPUs: 8 total, 8 available
 Memory: 16292M
 Large Page Support: Disabled
 NUMA Support: Disabled
 Compressed Oops: Enabled (Zero based)
 Heap Region Size: 2M
 Heap Min Capacity: 8M
 Heap Initial Capacity: 256M
 Heap Max Capacity: 4074M
 Pre-touch: Disabled
 Parallel Workers: 8
 Concurrent Workers: 2
 Concurrent Refinement Workers: 8
 Periodic GC: Disabled

Heap:
 garbage-first heap   total reserved 4171776K, committed 108544K, used 61193K [0x0000000701600000, 0x0000000800000000)
  region size 2048K, 10 young (20480K), 3 survivors (6144K)
 Metaspace       used 96677K, committed 97536K, reserved 1179648K
  class space    used 11399K, committed 11776K, reserved 1048576K

Heap Regions: E=young(eden), S=young(survivor), O=old, HS=humongous(starts), HC=humongous(continues), CS=collection set, F=free, TAMS=top-at-mark-start, PB=parsable bottom
|   0|0x0000000701600000, 0x0000000701800000, 0x0000000701800000|100%| O|  |TAMS 0x0000000701600000| PB 0x0000000701600000| Untracked |  0
|   1|0x0000000701800000, 0x0000000701a00000, 0x0000000701a00000|100%| O|  |TAMS 0x0000000701800000| PB 0x0000000701800000| Untracked |  0
|   2|0x0000000701a00000, 0x0000000701c00000, 0x0000000701c00000|100%| O|  |TAMS 0x0000000701a00000| PB 0x0000000701a00000| Untracked |  0
|   3|0x0000000701c00000, 0x0000000701e00000, 0x0000000701e00000|100%| O|  |TAMS 0x0000000701c00000| PB 0x0000000701c00000| Untracked |  0
|   4|0x0000000701e00000, 0x0000000702000000, 0x0000000702000000|100%| O|  |TAMS 0x0000000701e00000| PB 0x0000000701e00000| Untracked |  0
|   5|0x0000000702000000, 0x0000000702200000, 0x0000000702200000|100%| O|  |TAMS 0x0000000702000000| PB 0x0000000702000000| Untracked |  0
|   6|0x0000000702200000, 0x0000000702400000, 0x0000000702400000|100%| O|  |TAMS 0x0000000702200000| PB 0x0000000702200000| Untracked |  0
|   7|0x0000000702400000, 0x0000000702600000, 0x0000000702600000|100%| O|  |TAMS 0x0000000702400000| PB 0x0000000702400000| Untracked |  0
|   8|0x0000000702600000, 0x0000000702800000, 0x0000000702800000|100%| O|  |TAMS 0x0000000702600000| PB 0x0000000702600000| Untracked |  0
|   9|0x0000000702800000, 0x0000000702a00000, 0x0000000702a00000|100%| O|  |TAMS 0x0000000702800000| PB 0x0000000702800000| Untracked |  0
|  10|0x0000000702a00000, 0x0000000702c00000, 0x0000000702c00000|100%| O|  |TAMS 0x0000000702a00000| PB 0x0000000702a00000| Untracked |  0
|  11|0x0000000702c00000, 0x0000000702e00000, 0x0000000702e00000|100%| O|  |TAMS 0x0000000702c00000| PB 0x0000000702c00000| Untracked |  0
|  12|0x0000000702e00000, 0x0000000703000000, 0x0000000703000000|100%| O|  |TAMS 0x0000000702e00000| PB 0x0000000702e00000| Untracked |  0
|  13|0x0000000703000000, 0x0000000703200000, 0x0000000703200000|100%| O|  |TAMS 0x0000000703000000| PB 0x0000000703000000| Untracked |  0
|  14|0x0000000703200000, 0x0000000703400000, 0x0000000703400000|100%| O|Cm|TAMS 0x0000000703200000| PB 0x0000000703200000| Complete |  0
|  15|0x0000000703400000, 0x0000000703600000, 0x0000000703600000|100%| O|  |TAMS 0x0000000703400000| PB 0x0000000703400000| Untracked |  0
|  16|0x0000000703600000, 0x0000000703800000, 0x0000000703800000|100%| O|  |TAMS 0x0000000703600000| PB 0x0000000703600000| Untracked |  0
|  17|0x0000000703800000, 0x0000000703a00000, 0x0000000703a00000|100%| O|  |TAMS 0x0000000703800000| PB 0x0000000703800000| Untracked |  0
|  18|0x0000000703a00000, 0x0000000703c00000, 0x0000000703c00000|100%| O|  |TAMS 0x0000000703a00000| PB 0x0000000703a00000| Untracked |  0
|  19|0x0000000703c00000, 0x0000000703e00000, 0x0000000703e00000|100%| O|  |TAMS 0x0000000703c00000| PB 0x0000000703c00000| Untracked |  0
|  20|0x0000000703e00000, 0x0000000704000000, 0x0000000704000000|100%| O|  |TAMS 0x0000000703e00000| PB 0x0000000703e00000| Untracked |  0
|  21|0x0000000704000000, 0x0000000704200000, 0x0000000704200000|100%| O|  |TAMS 0x0000000704000000| PB 0x0000000704000000| Untracked |  0
|  22|0x0000000704200000, 0x00000007042f5490, 0x0000000704400000| 47%| O|  |TAMS 0x0000000704200000| PB 0x0000000704200000| Untracked |  0
|  23|0x0000000704400000, 0x0000000704400000, 0x0000000704600000|  0%| F|  |TAMS 0x0000000704400000| PB 0x0000000704400000| Untracked |  0
|  24|0x0000000704600000, 0x0000000704600000, 0x0000000704800000|  0%| F|  |TAMS 0x0000000704600000| PB 0x0000000704600000| Untracked |  0
|  25|0x0000000704800000, 0x0000000704800000, 0x0000000704a00000|  0%| F|  |TAMS 0x0000000704800000| PB 0x0000000704800000| Untracked |  0
|  26|0x0000000704a00000, 0x0000000704a00000, 0x0000000704c00000|  0%| F|  |TAMS 0x0000000704a00000| PB 0x0000000704a00000| Untracked |  0
|  27|0x0000000704c00000, 0x0000000704c00000, 0x0000000704e00000|  0%| F|  |TAMS 0x0000000704c00000| PB 0x0000000704c00000| Untracked |  0
|  28|0x0000000704e00000, 0x0000000704ecd1c0, 0x0000000705000000| 40%| S|CS|TAMS 0x0000000704e00000| PB 0x0000000704e00000| Complete |  0
|  29|0x0000000705000000, 0x0000000705000000, 0x0000000705200000|  0%| F|  |TAMS 0x0000000705000000| PB 0x0000000705000000| Untracked |  0
|  30|0x0000000705200000, 0x0000000705400000, 0x0000000705400000|100%| S|CS|TAMS 0x0000000705200000| PB 0x0000000705200000| Complete |  0
|  31|0x0000000705400000, 0x0000000705600000, 0x0000000705600000|100%| S|CS|TAMS 0x0000000705400000| PB 0x0000000705400000| Complete |  0
|  32|0x0000000705600000, 0x0000000705600000, 0x0000000705800000|  0%| F|  |TAMS 0x0000000705600000| PB 0x0000000705600000| Untracked |  0
|  33|0x0000000705800000, 0x0000000705800000, 0x0000000705a00000|  0%| F|  |TAMS 0x0000000705800000| PB 0x0000000705800000| Untracked |  0
|  34|0x0000000705a00000, 0x0000000705a00000, 0x0000000705c00000|  0%| F|  |TAMS 0x0000000705a00000| PB 0x0000000705a00000| Untracked |  0
|  35|0x0000000705c00000, 0x0000000705c00000, 0x0000000705e00000|  0%| F|  |TAMS 0x0000000705c00000| PB 0x0000000705c00000| Untracked |  0
|  36|0x0000000705e00000, 0x0000000705e00000, 0x0000000706000000|  0%| F|  |TAMS 0x0000000705e00000| PB 0x0000000705e00000| Untracked |  0
|  37|0x0000000706000000, 0x0000000706000000, 0x0000000706200000|  0%| F|  |TAMS 0x0000000706000000| PB 0x0000000706000000| Untracked |  0
|  38|0x0000000706200000, 0x0000000706200000, 0x0000000706400000|  0%| F|  |TAMS 0x0000000706200000| PB 0x0000000706200000| Untracked |  0
|  39|0x0000000706400000, 0x0000000706400000, 0x0000000706600000|  0%| F|  |TAMS 0x0000000706400000| PB 0x0000000706400000| Untracked |  0
|  40|0x0000000706600000, 0x0000000706600000, 0x0000000706800000|  0%| F|  |TAMS 0x0000000706600000| PB 0x0000000706600000| Untracked |  0
|  41|0x0000000706800000, 0x0000000706800000, 0x0000000706a00000|  0%| F|  |TAMS 0x0000000706800000| PB 0x0000000706800000| Untracked |  0
|  42|0x0000000706a00000, 0x0000000706a00000, 0x0000000706c00000|  0%| F|  |TAMS 0x0000000706a00000| PB 0x0000000706a00000| Untracked |  0
|  43|0x0000000706c00000, 0x0000000706c00000, 0x0000000706e00000|  0%| F|  |TAMS 0x0000000706c00000| PB 0x0000000706c00000| Untracked |  0
|  44|0x0000000706e00000, 0x0000000706e00000, 0x0000000707000000|  0%| F|  |TAMS 0x0000000706e00000| PB 0x0000000706e00000| Untracked |  0
|  45|0x0000000707000000, 0x0000000707000000, 0x0000000707200000|  0%| F|  |TAMS 0x0000000707000000| PB 0x0000000707000000| Untracked |  0
|  98|0x000000070da00000, 0x000000070dc00000, 0x000000070dc00000|100%| E|  |TAMS 0x000000070da00000| PB 0x000000070da00000| Complete |  0
|  99|0x000000070dc00000, 0x000000070de00000, 0x000000070de00000|100%| E|CS|TAMS 0x000000070dc00000| PB 0x000000070dc00000| Complete |  0
| 100|0x000000070de00000, 0x000000070e000000, 0x000000070e000000|100%| E|CS|TAMS 0x000000070de00000| PB 0x000000070de00000| Complete |  0
| 104|0x000000070e600000, 0x000000070e800000, 0x000000070e800000|100%| E|CS|TAMS 0x000000070e600000| PB 0x000000070e600000| Complete |  0
| 105|0x000000070e800000, 0x000000070ea00000, 0x000000070ea00000|100%| E|CS|TAMS 0x000000070e800000| PB 0x000000070e800000| Complete |  0
| 127|0x0000000711400000, 0x0000000711600000, 0x0000000711600000|100%| E|CS|TAMS 0x0000000711400000| PB 0x0000000711400000| Complete |  0
|2036|0x00000007ffe00000, 0x0000000800000000, 0x0000000800000000|100%| E|  |TAMS 0x00000007ffe00000| PB 0x00000007ffe00000| Complete |  0

Card table byte_map: [0x0000018dad840000,0x0000018dae040000] _byte_map_base: 0x0000018daa035000

Marking Bits: (CMBitMap*) 0x0000018da0539cc0
 Bits: [0x0000018dae040000, 0x0000018db1fe8000)

Polling page: 0x0000018d9e940000

Metaspace:

Usage:
  Non-class:     83.28 MB used.
      Class:     11.13 MB used.
       Both:     94.41 MB used.

Virtual space:
  Non-class space:      128.00 MB reserved,      83.75 MB ( 65%) committed,  2 nodes.
      Class space:        1.00 GB reserved,      11.50 MB (  1%) committed,  1 nodes.
             Both:        1.12 GB reserved,      95.25 MB (  8%) committed. 

Chunk freelists:
   Non-Class:  11.86 MB
       Class:  4.48 MB
        Both:  16.34 MB

MaxMetaspaceSize: unlimited
CompressedClassSpaceSize: 1.00 GB
Initial GC threshold: 21.00 MB
Current GC threshold: 144.94 MB
CDS: on
 - commit_granule_bytes: 65536.
 - commit_granule_words: 8192.
 - virtual_space_node_default_size: 8388608.
 - enlarge_chunks_in_place: 1.
UseCompressedClassPointers 1, UseCompactObjectHeaders 0
Narrow klass pointer bits 32, Max shift 3
Narrow klass base: 0x0000018db5000000, Narrow klass shift: 0
Encoding Range: [0x0000018db5000000 - 0x0000018eb5000000), (4294967296 bytes)
Klass Range:    [0x0000018db5000000 - 0x0000018df6000000), (1090519040 bytes)
Klass ID Range:  [8 - 1090519033) (1090519025)


Internal statistics:

num_allocs_failed_limit: 14.
num_arena_births: 1064.
num_arena_deaths: 0.
num_vsnodes_births: 3.
num_vsnodes_deaths: 0.
num_space_committed: 1524.
num_space_uncommitted: 0.
num_chunks_returned_to_freelist: 14.
num_chunks_taken_from_freelist: 4281.
num_chunk_merges: 14.
num_chunk_splits: 3239.
num_chunks_enlarged: 2680.
num_inconsistent_stats: 0.

CodeCache: size=49152Kb used=12577Kb max_used=13919Kb free=36574Kb
 bounds [0x0000018da99c0000, 0x0000018daa760000, 0x0000018dac9c0000]
 total_blobs=9250, nmethods=8489, adapters=685, full_count=0
Compilation: enabled, stopped_count=0, restarted_count=0

Compilation events (20 events):
Event: 107.315 Thread 0x0000018db4a48fe0 nmethod 9228 0x0000018daa2b4288 code [0x0000018daa2b4380, 0x0000018daa2b4448]
Event: 107.315 Thread 0x0000018d86681010 nmethod 9227 0x0000018daa56cc08 code [0x0000018daa56cd00, 0x0000018daa56cdc8]
Event: 107.315 Thread 0x0000018d86681010 9229       1       java.nio.Buffer::checkSession (14 bytes)
Event: 107.315 Thread 0x0000018db4a48fe0 9230       1       org.apache.tomcat.util.buf.AbstractChunk::getStart (5 bytes)
Event: 107.315 Thread 0x0000018db4a48fe0 nmethod 9230 0x0000018daa56c908 code [0x0000018daa56ca00, 0x0000018daa56cac8]
Event: 107.315 Thread 0x0000018d86681010 nmethod 9229 0x0000018da9ccbf88 code [0x0000018da9ccc0c0, 0x0000018da9ccc290]
Event: 107.316 Thread 0x0000018db4a48fe0 9231       1       java.lang.Character::isBmpCodePoint (13 bytes)
Event: 107.316 Thread 0x0000018db4a48fe0 nmethod 9231 0x0000018da9ccbc88 code [0x0000018da9ccbd80, 0x0000018da9ccbe38]
Event: 107.316 Thread 0x0000018d86681010 9232       1       java.lang.StringUTF16::inflate (42 bytes)
Event: 107.316 Thread 0x0000018db4a48fe0 9233       1       java.util.regex.Pattern$CharProperty::match (71 bytes)
Event: 107.316 Thread 0x0000018d86681010 nmethod 9232 0x0000018da9ccb708 code [0x0000018da9ccb840, 0x0000018da9ccb9f0]
Event: 107.316 Thread 0x0000018db4a48fe0 nmethod 9233 0x0000018da9d0ed88 code [0x0000018da9d0eec0, 0x0000018da9d0f0f8]
Event: 107.316 Thread 0x0000018db4a48fe0 9234       1       java.time.temporal.ChronoField::isTimeBased (19 bytes)
Event: 107.316 Thread 0x0000018d86681010 9235       1       java.time.LocalDateTime::getLong (47 bytes)
Event: 107.316 Thread 0x0000018db4a48fe0 nmethod 9234 0x0000018da9d0ea88 code [0x0000018da9d0eb80, 0x0000018da9d0ec58]
Event: 107.316 Thread 0x0000018db4a48fe0 9236       1       java.time.format.DateTimePrintContext::getDecimalStyle (8 bytes)
Event: 107.316 Thread 0x0000018db4a48fe0 nmethod 9236 0x0000018da9d0e588 code [0x0000018da9d0e6a0, 0x0000018da9d0e778]
Event: 107.316 Thread 0x0000018d86681010 nmethod 9235 0x0000018da9e2f988 code [0x0000018da9e2fae0, 0x0000018da9e2fd40]
Event: 107.317 Thread 0x0000018d86681010 9237       1       org.apache.tomcat.util.buf.AbstractChunk::recycle (21 bytes)
Event: 107.317 Thread 0x0000018d86681010 nmethod 9237 0x0000018da9e2f688 code [0x0000018da9e2f780, 0x0000018da9e2f858]

GC Heap History (20 events):
Event: 5.363 GC heap before
{Heap before GC invocations=11 (full 0):
 garbage-first heap   total reserved 4171776K, committed 73728K, used 58855K [0x0000000701600000, 0x0000000800000000)
  region size 2048K, 16 young (32768K), 3 survivors (6144K)
 Metaspace       used 55701K, committed 56256K, reserved 1114112K
  class space    used 6106K, committed 6336K, reserved 1048576K
}
Event: 5.367 GC heap after
{Heap after GC invocations=12 (full 0):
 garbage-first heap   total reserved 4171776K, committed 90112K, used 33656K [0x0000000701600000, 0x0000000800000000)
  region size 2048K, 2 young (4096K), 2 survivors (4096K)
 Metaspace       used 55701K, committed 56256K, reserved 1114112K
  class space    used 6106K, committed 6336K, reserved 1048576K
}
Event: 5.642 GC heap before
{Heap before GC invocations=12 (full 0):
 garbage-first heap   total reserved 4171776K, committed 90112K, used 54136K [0x0000000701600000, 0x0000000800000000)
  region size 2048K, 13 young (26624K), 2 survivors (4096K)
 Metaspace       used 59910K, committed 60416K, reserved 1114112K
  class space    used 6439K, committed 6656K, reserved 1048576K
}
Event: 5.646 GC heap after
{Heap after GC invocations=13 (full 0):
 garbage-first heap   total reserved 4171776K, committed 90112K, used 35617K [0x0000000701600000, 0x0000000800000000)
  region size 2048K, 2 young (4096K), 2 survivors (4096K)
 Metaspace       used 59910K, committed 60416K, reserved 1114112K
  class space    used 6439K, committed 6656K, reserved 1048576K
}
Event: 6.163 GC heap before
{Heap before GC invocations=14 (full 0):
 garbage-first heap   total reserved 4171776K, committed 90112K, used 74529K [0x0000000701600000, 0x0000000800000000)
  region size 2048K, 22 young (45056K), 2 survivors (4096K)
 Metaspace       used 68659K, committed 69184K, reserved 1114112K
  class space    used 7519K, committed 7744K, reserved 1048576K
}
Event: 6.167 GC heap after
{Heap after GC invocations=15 (full 0):
 garbage-first heap   total reserved 4171776K, committed 90112K, used 36670K [0x0000000701600000, 0x0000000800000000)
  region size 2048K, 3 young (6144K), 3 survivors (6144K)
 Metaspace       used 68659K, committed 69184K, reserved 1114112K
  class space    used 7519K, committed 7744K, reserved 1048576K
}
Event: 6.492 GC heap before
{Heap before GC invocations=15 (full 0):
 garbage-first heap   total reserved 4171776K, committed 90112K, used 75582K [0x0000000701600000, 0x0000000800000000)
  region size 2048K, 22 young (45056K), 3 survivors (6144K)
 Metaspace       used 71851K, committed 72384K, reserved 1114112K
  class space    used 7901K, committed 8128K, reserved 1048576K
}
Event: 6.496 GC heap after
{Heap after GC invocations=16 (full 0):
 garbage-first heap   total reserved 4171776K, committed 90112K, used 37273K [0x0000000701600000, 0x0000000800000000)
  region size 2048K, 3 young (6144K), 3 survivors (6144K)
 Metaspace       used 71851K, committed 72384K, reserved 1114112K
  class space    used 7901K, committed 8128K, reserved 1048576K
}
Event: 6.909 GC heap before
{Heap before GC invocations=16 (full 0):
 garbage-first heap   total reserved 4171776K, committed 90112K, used 72089K [0x0000000701600000, 0x0000000800000000)
  region size 2048K, 21 young (43008K), 3 survivors (6144K)
 Metaspace       used 78191K, committed 78848K, reserved 1179648K
  class space    used 8782K, committed 9088K, reserved 1048576K
}
Event: 6.913 GC heap after
{Heap after GC invocations=17 (full 0):
 garbage-first heap   total reserved 4171776K, committed 90112K, used 39470K [0x0000000701600000, 0x0000000800000000)
  region size 2048K, 3 young (6144K), 3 survivors (6144K)
 Metaspace       used 78191K, committed 78848K, reserved 1179648K
  class space    used 8782K, committed 9088K, reserved 1048576K
}
Event: 7.161 GC heap before
{Heap before GC invocations=17 (full 0):
 garbage-first heap   total reserved 4171776K, committed 90112K, used 76334K [0x0000000701600000, 0x0000000800000000)
  region size 2048K, 21 young (43008K), 3 survivors (6144K)
 Metaspace       used 80528K, committed 81152K, reserved 1179648K
  class space    used 9267K, committed 9536K, reserved 1048576K
}
Event: 7.165 GC heap after
{Heap after GC invocations=18 (full 0):
 garbage-first heap   total reserved 4171776K, committed 90112K, used 42354K [0x0000000701600000, 0x0000000800000000)
  region size 2048K, 3 young (6144K), 3 survivors (6144K)
 Metaspace       used 80528K, committed 81152K, reserved 1179648K
  class space    used 9267K, committed 9536K, reserved 1048576K
}
Event: 7.417 GC heap before
{Heap before GC invocations=19 (full 0):
 garbage-first heap   total reserved 4171776K, committed 90112K, used 73074K [0x0000000701600000, 0x0000000800000000)
  region size 2048K, 19 young (38912K), 3 survivors (6144K)
 Metaspace       used 82989K, committed 83648K, reserved 1179648K
  class space    used 9678K, committed 9984K, reserved 1048576K
}
Event: 7.420 GC heap after
{Heap after GC invocations=20 (full 0):
 garbage-first heap   total reserved 4171776K, committed 90112K, used 43991K [0x0000000701600000, 0x0000000800000000)
  region size 2048K, 3 young (6144K), 3 survivors (6144K)
 Metaspace       used 82989K, committed 83648K, reserved 1179648K
  class space    used 9678K, committed 9984K, reserved 1048576K
}
Event: 7.770 GC heap before
{Heap before GC invocations=20 (full 0):
 garbage-first heap   total reserved 4171776K, committed 90112K, used 72663K [0x0000000701600000, 0x0000000800000000)
  region size 2048K, 18 young (36864K), 3 survivors (6144K)
 Metaspace       used 85732K, committed 86400K, reserved 1179648K
  class space    used 10004K, committed 10304K, reserved 1048576K
}
Event: 7.775 GC heap after
{Heap after GC invocations=21 (full 0):
 garbage-first heap   total reserved 4171776K, committed 90112K, used 45971K [0x0000000701600000, 0x0000000800000000)
  region size 2048K, 3 young (6144K), 3 survivors (6144K)
 Metaspace       used 85732K, committed 86400K, reserved 1179648K
  class space    used 10004K, committed 10304K, reserved 1048576K
}
Event: 8.108 GC heap before
{Heap before GC invocations=21 (full 0):
 garbage-first heap   total reserved 4171776K, committed 90112K, used 74643K [0x0000000701600000, 0x0000000800000000)
  region size 2048K, 17 young (34816K), 3 survivors (6144K)
 Metaspace       used 88228K, committed 88896K, reserved 1179648K
  class space    used 10340K, committed 10624K, reserved 1048576K
}
Event: 8.112 GC heap after
{Heap after GC invocations=22 (full 0):
 garbage-first heap   total reserved 4171776K, committed 108544K, used 48771K [0x0000000701600000, 0x0000000800000000)
  region size 2048K, 3 young (6144K), 3 survivors (6144K)
 Metaspace       used 88228K, committed 88896K, reserved 1179648K
  class space    used 10340K, committed 10624K, reserved 1048576K
}
Event: 22.502 GC heap before
{Heap before GC invocations=23 (full 0):
 garbage-first heap   total reserved 4171776K, committed 108544K, used 89731K [0x0000000701600000, 0x0000000800000000)
  region size 2048K, 24 young (49152K), 3 survivors (6144K)
 Metaspace       used 95309K, committed 96128K, reserved 1179648K
  class space    used 11212K, committed 11584K, reserved 1048576K
}
Event: 22.506 GC heap after
{Heap after GC invocations=24 (full 0):
 garbage-first heap   total reserved 4171776K, committed 108544K, used 50953K [0x0000000701600000, 0x0000000800000000)
  region size 2048K, 3 young (6144K), 3 survivors (6144K)
 Metaspace       used 95309K, committed 96128K, reserved 1179648K
  class space    used 11212K, committed 11584K, reserved 1048576K
}

Dll operation events (12 events):
Event: 0.022 Loaded shared library C:\Program Files\Java\jdk-24\bin\java.dll
Event: 0.024 Loaded shared library C:\Program Files\Java\jdk-24\bin\zip.dll
Event: 0.544 Loaded shared library C:\Program Files\Java\jdk-24\bin\instrument.dll
Event: 0.618 Loaded shared library C:\Program Files\Java\jdk-24\bin\jimage.dll
Event: 0.641 Loaded shared library C:\Program Files\Java\jdk-24\bin\net.dll
Event: 0.644 Loaded shared library C:\Program Files\Java\jdk-24\bin\nio.dll
Event: 0.660 Loaded shared library C:\Program Files\Java\jdk-24\bin\zip.dll
Event: 0.821 Loaded shared library C:\Program Files\Java\jdk-24\bin\management.dll
Event: 0.836 Loaded shared library C:\Program Files\Java\jdk-24\bin\management_ext.dll
Event: 1.094 Loaded shared library C:\Program Files\Java\jdk-24\bin\extnet.dll
Event: 2.023 Loaded shared library C:\Program Files\Java\jdk-24\bin\sunmscapi.dll
Event: 107.313 Loaded shared library C:\Users\tangt\AppData\Local\Temp\idea_libasyncProfiler_dll_temp_folder1\libasyncProfiler.dll

Deoptimization events (20 events):
Event: 89.780 Thread 0x0000018d86293950 DEOPT PACKING pc=0x0000018daa2b65ec sp=0x0000004a4c7fbf10
Event: 89.780 Thread 0x0000018d86293950 DEOPT UNPACKING pc=0x0000018da9a15722 sp=0x0000004a4c7fb400 mode 1
Event: 107.309 Thread 0x0000018d86293950 DEOPT PACKING pc=0x0000018daa172164 sp=0x0000004a4c7faa00
Event: 107.309 Thread 0x0000018d86293950 DEOPT UNPACKING pc=0x0000018da9a15722 sp=0x0000004a4c7f9f50 mode 1
Event: 107.309 Thread 0x0000018d86293950 DEOPT PACKING pc=0x0000018daa172b2c sp=0x0000004a4c7fab10
Event: 107.309 Thread 0x0000018d86293950 DEOPT UNPACKING pc=0x0000018da9a15722 sp=0x0000004a4c7fa070 mode 1
Event: 107.309 Thread 0x0000018d86293950 DEOPT PACKING pc=0x0000018daa17135c sp=0x0000004a4c7fac30
Event: 107.309 Thread 0x0000018d86293950 DEOPT UNPACKING pc=0x0000018da9a15722 sp=0x0000004a4c7fa190 mode 1
Event: 107.311 Thread 0x0000018d86293950 DEOPT PACKING pc=0x0000018daa172164 sp=0x0000004a4c7fa950
Event: 107.311 Thread 0x0000018d86293950 DEOPT UNPACKING pc=0x0000018da9a15722 sp=0x0000004a4c7f9ea0 mode 1
Event: 107.311 Thread 0x0000018d86293950 DEOPT PACKING pc=0x0000018daa172b2c sp=0x0000004a4c7faa60
Event: 107.311 Thread 0x0000018d86293950 DEOPT UNPACKING pc=0x0000018da9a15722 sp=0x0000004a4c7f9fc0 mode 1
Event: 107.311 Thread 0x0000018d86293950 DEOPT PACKING pc=0x0000018daa17135c sp=0x0000004a4c7fab80
Event: 107.311 Thread 0x0000018d86293950 DEOPT UNPACKING pc=0x0000018da9a15722 sp=0x0000004a4c7fa0e0 mode 1
Event: 107.312 Thread 0x0000018d86293950 DEOPT PACKING pc=0x0000018daa172164 sp=0x0000004a4c7fa770
Event: 107.312 Thread 0x0000018d86293950 DEOPT UNPACKING pc=0x0000018da9a15722 sp=0x0000004a4c7f9cc0 mode 1
Event: 107.312 Thread 0x0000018d86293950 DEOPT PACKING pc=0x0000018daa172b2c sp=0x0000004a4c7fa880
Event: 107.312 Thread 0x0000018d86293950 DEOPT UNPACKING pc=0x0000018da9a15722 sp=0x0000004a4c7f9de0 mode 1
Event: 107.312 Thread 0x0000018d86293950 DEOPT PACKING pc=0x0000018daa17135c sp=0x0000004a4c7fa9a0
Event: 107.312 Thread 0x0000018d86293950 DEOPT UNPACKING pc=0x0000018da9a15722 sp=0x0000004a4c7f9f00 mode 1

Classes loaded (20 events):
Event: 89.774 Loading class org/hibernate/event/spi/ClearEvent
Event: 89.774 Loading class org/hibernate/event/spi/ClearEvent done
Event: 89.775 Loading class org/hibernate/event/spi/ClearEvent
Event: 89.775 Loading class org/hibernate/event/spi/ClearEvent done
Event: 89.776 Loading class org/hibernate/event/spi/ClearEvent
Event: 89.776 Loading class org/hibernate/event/spi/ClearEvent done
Event: 89.776 Loading class org/hibernate/event/spi/ClearEventListener
Event: 89.776 Loading class org/hibernate/event/spi/ClearEventListener done
Event: 89.778 Loading class org/springframework/transaction/support/DefaultTransactionStatus
Event: 89.778 Loading class org/springframework/transaction/support/DefaultTransactionStatus done
Event: 89.778 Loading class org/springframework/transaction/support/DefaultTransactionStatus
Event: 89.778 Loading class org/springframework/transaction/support/DefaultTransactionStatus done
Event: 107.289 Loading class kotlinx/coroutines/debug/internal/DebugProbesImpl
Event: 107.289 Loading class kotlinx/coroutines/debug/internal/DebugProbesImpl done
Event: 107.307 Loading class org/springframework/web/servlet/ModelAndViewDefiningException
Event: 107.307 Loading class org/springframework/web/servlet/ModelAndViewDefiningException done
Event: 107.308 Loading class org/springframework/web/method/annotation/ExceptionHandlerMethodResolver
Event: 107.308 Loading class org/springframework/web/method/annotation/ExceptionHandlerMethodResolver done
Event: 107.312 Loading class tools/jackson/databind/util/internal/PrivateMaxEntriesMap$WriteThroughEntry
Event: 107.312 Loading class tools/jackson/databind/util/internal/PrivateMaxEntriesMap$WriteThroughEntry done

Classes unloaded (0 events):
No events

Classes redefined (1 events):
Event: 0.579 Thread 0x0000018db4a2a560 redefined class name=java.lang.Throwable, count=1

Internal exceptions (20 events):
Event: 14.654 Thread 0x0000018d80659d30 Exception <a 'java/lang/NoSuchMethodError'{0x0000000706970bd8}: 'void java.lang.invoke.DirectMethodHandle$Holder.invokeStatic(java.lang.Object, java.lang.Object, int, int, java.lang.Object)'> (0x0000000706970bd8) 
thrown [s\open\src\hotspot\share\interpreter\linkResolver.cpp, line 805]
Event: 14.659 Thread 0x0000018d80659d30 Exception <a 'java/lang/NoSuchMethodError'{0x00000007069de168}: 'void java.lang.invoke.DirectMethodHandle$Holder.invokeSpecialIFC(java.lang.Object, java.lang.Object, int, java.lang.Object, java.lang.Object, java.lang.Object, java.lang.Object)'> (0x00000007069de168) 
thrown [s\open\src\hotspot\share\interpreter\linkResolver.cpp, line 805]
Event: 14.837 Thread 0x0000018d80659d30 Exception <a 'java/lang/IncompatibleClassChangeError'{0x000000070604af70}: Found class java.lang.Object, but interface was expected> (0x000000070604af70) 
thrown [s\open\src\hotspot\share\interpreter\linkResolver.cpp, line 872]
Event: 14.906 Thread 0x0000018d80659d30 Exception <a 'java/lang/NoSuchMethodError'{0x0000000705c3f5c8}: 'int java.lang.invoke.DirectMethodHandle$Holder.invokeStatic(java.lang.Object, java.lang.Object, int, int)'> (0x0000000705c3f5c8) 
thrown [s\open\src\hotspot\share\interpreter\linkResolver.cpp, line 805]
Event: 14.927 Thread 0x0000018d80659d30 Exception <a 'java/lang/NoSuchMethodError'{0x0000000705d3e710}: 'java.lang.Object java.lang.invoke.Invokers$Holder.linkToTargetMethod(java.lang.Object, int, java.lang.Object, java.lang.Object, java.lang.Object, java.lang.Object)'> (0x0000000705d3e710) 
thrown [s\open\src\hotspot\share\interpreter\linkResolver.cpp, line 805]
Event: 14.928 Thread 0x0000018d80659d30 Exception <a 'java/lang/NoSuchMethodError'{0x0000000705d58910}: 'int java.lang.invoke.DirectMethodHandle$Holder.invokeStatic(java.lang.Object, java.lang.Object, int, java.lang.Object)'> (0x0000000705d58910) 
thrown [s\open\src\hotspot\share\interpreter\linkResolver.cpp, line 805]
Event: 22.578 Thread 0x0000018d86293950 Exception <a 'java/lang/NoSuchMethodError'{0x000000070e8bb0f8}: 'java.lang.Object java.lang.invoke.Invokers$Holder.invoker(java.lang.Object, java.lang.Object, java.lang.Object, java.lang.Object, java.lang.Object, java.lang.Object, java.lang.Object, java.lang.Object)'> (0x000000070e8bb0f8) 
thrown [s\open\src\hotspot\share\interpreter\linkResolver.cpp, line 805]
Event: 22.580 Thread 0x0000018d86293950 Exception <a 'java/lang/NoSuchMethodError'{0x000000070e8fe1b8}: 'java.lang.Object java.lang.invoke.Invokers$Holder.invoker(java.lang.Object, java.lang.Object, java.lang.Object, java.lang.Object, java.lang.Object, java.lang.Object, java.lang.Object, java.lang.Object, java.lang.Object, java.lang.Object, java.lang.Object, java.lang.Object, java.lang.Object, java.lang.Object, java.lang.Object)'> (0x000000070e8fe1b8) 
thrown [s\open\src\hotspot\share\interpreter\linkResolver.cpp, line 805]
Event: 22.580 Thread 0x0000018d86293950 Exception <a 'java/lang/NoSuchMethodError'{0x000000070e911b50}: 'java.lang.Object java.lang.invoke.DelegatingMethodHandle$Holder.delegate(java.lang.Object, java.lang.Object, java.lang.Object, java.lang.Object, java.lang.Object, java.lang.Object, java.lang.Object, java.lang.Object, java.lang.Object, java.lang.Object, java.lang.Object, java.lang.Object, java.lang.Object, java.lang.Object, java.lang.Object)'> (0x000000070e911b50) 
thrown [s\open\src\hotspot\share\interpreter\linkResolver.cpp, line 805]
Event: 22.580 Thread 0x0000018d86293950 Exception <a 'java/lang/NoSuchMethodError'{0x000000070e926358}: 'java.lang.Object java.lang.invoke.DelegatingMethodHandle$Holder.reinvoke_L(java.lang.Object, java.lang.Object, java.lang.Object, java.lang.Object, java.lang.Object, java.lang.Object, java.lang.Object, java.lang.Object, java.lang.Object, java.lang.Object, java.lang.Object, java.lang.Object, java.lang.Object, java.lang.Object)'> (0x000000070e926358) 
thrown [s\open\src\hotspot\share\interpreter\linkResolver.cpp, line 805]
Event: 22.583 Thread 0x0000018d86293950 Exception <a 'java/lang/NoSuchMethodError'{0x000000070e9a5a60}: 'java.lang.Object java.lang.invoke.Invokers$Holder.invoker(java.lang.Object, java.lang.Object, java.lang.Object, java.lang.Object, java.lang.Object, java.lang.Object, java.lang.Object, java.lang.Object, java.lang.Object, java.lang.Object, java.lang.Object, java.lang.Object, java.lang.Object, java.lang.Object, java.lang.Object, java.lang.Object, java.lang.Object, java.lang.Object, java.lang.Object, java.lang.Object, java.lang.Object)'> (0x00000
Event: 22.583 Thread 0x0000018d86293950 Exception <a 'java/lang/NoSuchMethodError'{0x000000070e9b9bf0}: 'java.lang.Object java.lang.invoke.DelegatingMethodHandle$Holder.delegate(java.lang.Object, java.lang.Object, java.lang.Object, java.lang.Object, java.lang.Object, java.lang.Object, java.lang.Object, java.lang.Object, java.lang.Object, java.lang.Object, java.lang.Object, java.lang.Object, java.lang.Object, java.lang.Object, java.lang.Object, java.lang.Object, java.lang.Object, java.lang.Object, java.lang.Object, java.lang.Object, java.lang.Obj
Event: 22.584 Thread 0x0000018d86293950 Exception <a 'java/lang/NoSuchMethodError'{0x000000070e9cf828}: 'java.lang.Object java.lang.invoke.DelegatingMethodHandle$Holder.reinvoke_L(java.lang.Object, java.lang.Object, java.lang.Object, java.lang.Object, java.lang.Object, java.lang.Object, java.lang.Object, java.lang.Object, java.lang.Object, java.lang.Object, java.lang.Object, java.lang.Object, java.lang.Object, java.lang.Object, java.lang.Object, java.lang.Object, java.lang.Object, java.lang.Object, java.lang.Object, java.lang.Object)'> (0x000000
Event: 22.586 Thread 0x0000018d86293950 Exception <a 'java/lang/NoSuchMethodError'{0x000000070e63f868}: 'java.lang.Object java.lang.invoke.DirectMethodHandle$Holder.invokeStatic(java.lang.Object, java.lang.Object, java.lang.Object, java.lang.Object, java.lang.Object, java.lang.Object, java.lang.Object, java.lang.Object, java.lang.Object, java.lang.Object, java.lang.Object, java.lang.Object)'> (0x000000070e63f868) 
thrown [s\open\src\hotspot\share\interpreter\linkResolver.cpp, line 805]
Event: 22.587 Thread 0x0000018d86293950 Exception <a 'java/lang/NoSuchMethodError'{0x000000070e66b350}: 'java.lang.Object java.lang.invoke.DirectMethodHandle$Holder.invokeStatic(java.lang.Object, java.lang.Object, java.lang.Object, java.lang.Object, java.lang.Object, java.lang.Object, java.lang.Object, java.lang.Object, java.lang.Object, java.lang.Object, java.lang.Object, java.lang.Object, java.lang.Object)'> (0x000000070e66b350) 
thrown [s\open\src\hotspot\share\interpreter\linkResolver.cpp, line 805]
Event: 23.403 Thread 0x0000018d86293950 Exception <a 'java/lang/NoSuchMethodError'{0x000000070e7f6158}: 'java.lang.Object java.lang.invoke.DelegatingMethodHandle$Holder.reinvoke_L(java.lang.Object, java.lang.Object, java.lang.Object, java.lang.Object, java.lang.Object, java.lang.Object, java.lang.Object, java.lang.Object, java.lang.Object, java.lang.Object, java.lang.Object, java.lang.Object, java.lang.Object, java.lang.Object, java.lang.Object)'> (0x000000070e7f6158) 
thrown [s\open\src\hotspot\share\interpreter\linkResolver.cpp, line 805]
Event: 23.403 Thread 0x0000018d86293950 Exception <a 'java/lang/NoSuchMethodError'{0x000000070de08538}: 'java.lang.Object java.lang.invoke.Invokers$Holder.linkToTargetMethod(java.lang.Object, java.lang.Object, java.lang.Object, java.lang.Object, java.lang.Object, java.lang.Object, java.lang.Object, java.lang.Object, java.lang.Object, java.lang.Object, java.lang.Object, java.lang.Object, java.lang.Object, java.lang.Object)'> (0x000000070de08538) 
thrown [s\open\src\hotspot\share\interpreter\linkResolver.cpp, line 805]
Event: 23.404 Thread 0x0000018d86293950 Exception <a 'java/lang/NoSuchMethodError'{0x000000070de20b70}: 'java.lang.Object java.lang.invoke.DelegatingMethodHandle$Holder.reinvoke_L(java.lang.Object, java.lang.Object, java.lang.Object, java.lang.Object, java.lang.Object, java.lang.Object, java.lang.Object, java.lang.Object, java.lang.Object, java.lang.Object, java.lang.Object, java.lang.Object, java.lang.Object, java.lang.Object, java.lang.Object, java.lang.Object, java.lang.Object, java.lang.Object, java.lang.Object, java.lang.Object, java.lang.O
Event: 23.404 Thread 0x0000018d86293950 Exception <a 'java/lang/NoSuchMethodError'{0x000000070de33900}: 'java.lang.Object java.lang.invoke.Invokers$Holder.linkToTargetMethod(java.lang.Object, java.lang.Object, java.lang.Object, java.lang.Object, java.lang.Object, java.lang.Object, java.lang.Object, java.lang.Object, java.lang.Object, java.lang.Object, java.lang.Object, java.lang.Object, java.lang.Object, java.lang.Object, java.lang.Object, java.lang.Object, java.lang.Object, java.lang.Object, java.lang.Object, java.lang.Object)'> (0x000000070de3
Event: 65.272 Thread 0x0000018d86293950 Exception <a 'java/lang/IncompatibleClassChangeError'{0x000000070df1cac0}: Found class java.lang.Object, but interface was expected> (0x000000070df1cac0) 
thrown [s\open\src\hotspot\share\interpreter\linkResolver.cpp, line 872]

VM Operations (20 events):
Event: 89.435 Executing VM operation: ChangeSingleStep
Event: 89.435 Executing VM operation: ChangeSingleStep done
Event: 89.438 Executing VM operation: ChangeSingleStep
Event: 89.438 Executing VM operation: ChangeSingleStep done
Event: 89.779 Executing VM operation: ChangeSingleStep
Event: 89.779 Executing VM operation: ChangeSingleStep done
Event: 89.780 Executing VM operation: ChangeSingleStep
Event: 89.780 Executing VM operation: ChangeSingleStep done
Event: 89.780 Executing VM operation: ChangeSingleStep
Event: 89.780 Executing VM operation: ChangeSingleStep done
Event: 89.780 Executing VM operation: ChangeSingleStep
Event: 89.780 Executing VM operation: ChangeSingleStep done
Event: 90.002 Executing VM operation: get/set locals
Event: 90.002 Executing VM operation: get/set locals done
Event: 90.097 Executing VM operation: get/set locals
Event: 90.097 Executing VM operation: get/set locals done
Event: 90.097 Executing VM operation: get/set locals
Event: 90.097 Executing VM operation: get/set locals done
Event: 107.296 Executing VM operation: ChangeBreakpoints
Event: 107.299 Executing VM operation: ChangeBreakpoints done

Memory protections (0 events):
No events

Nmethod flushes (20 events):
Event: 8.146 Thread 0x0000018db4a2a560 flushing  nmethod 0x0000018da9e81208
Event: 8.146 Thread 0x0000018db4a2a560 flushing  nmethod 0x0000018da9eaf708
Event: 8.146 Thread 0x0000018db4a2a560 flushing  nmethod 0x0000018da9ec7b88
Event: 8.146 Thread 0x0000018db4a2a560 flushing  nmethod 0x0000018da9eedc88
Event: 8.146 Thread 0x0000018db4a2a560 flushing  nmethod 0x0000018da9eee608
Event: 8.146 Thread 0x0000018db4a2a560 flushing  nmethod 0x0000018da9f45b88
Event: 8.146 Thread 0x0000018db4a2a560 flushing  nmethod 0x0000018da9f46188
Event: 8.146 Thread 0x0000018db4a2a560 flushing  nmethod 0x0000018da9f46488
Event: 8.146 Thread 0x0000018db4a2a560 flushing  nmethod 0x0000018da9f46a88
Event: 8.146 Thread 0x0000018db4a2a560 flushing  nmethod 0x0000018da9f46d88
Event: 8.146 Thread 0x0000018db4a2a560 flushing  nmethod 0x0000018da9f89708
Event: 8.146 Thread 0x0000018db4a2a560 flushing  nmethod 0x0000018da9f8a708
Event: 8.146 Thread 0x0000018db4a2a560 flushing  nmethod 0x0000018da9faae08
Event: 8.146 Thread 0x0000018db4a2a560 flushing  nmethod 0x0000018da9fab308
Event: 8.146 Thread 0x0000018db4a2a560 flushing  nmethod 0x0000018daa198808
Event: 8.146 Thread 0x0000018db4a2a560 flushing  nmethod 0x0000018daa267f88
Event: 8.146 Thread 0x0000018db4a2a560 flushing  nmethod 0x0000018daa43b388
Event: 8.146 Thread 0x0000018db4a2a560 flushing  nmethod 0x0000018daa552388
Event: 8.146 Thread 0x0000018db4a2a560 flushing  nmethod 0x0000018daa553e88
Event: 8.146 Thread 0x0000018db4a2a560 flushing  nmethod 0x0000018daa5ef088

Events (20 events):
Event: 8.190 Thread 0x0000018dfb9302f0 Thread added: 0x0000018d86295690
Event: 8.198 Thread 0x0000018dfb9302f0 Thread added: 0x0000018d86295de0
Event: 8.199 Thread 0x0000018dfb9302f0 Thread added: 0x0000018d86296530
Event: 8.211 Thread 0x0000018dfb9302f0 Thread exited: 0x0000018dfb9302f0
Event: 8.212 Thread 0x0000018dfb92f450 Thread exited: 0x0000018dfb92f450
Event: 8.213 Thread 0x0000018da04ca6f0 Thread exited: 0x0000018da04ca6f0
Event: 8.213 Thread 0x0000018d86293200 Thread added: 0x0000018d86293200
Event: 8.628 Thread 0x0000018dfb92ed00 Thread added: 0x0000018d862989c0
Event: 8.638 Thread 0x0000018d862989c0 Thread exited: 0x0000018d862989c0
Event: 8.639 Thread 0x0000018dfb92ed00 Thread added: 0x0000018d86297b20
Event: 8.657 Thread 0x0000018d86297b20 Thread exited: 0x0000018d86297b20
Event: 8.659 Thread 0x0000018dfb92ed00 Thread added: 0x0000018d86296c80
Event: 8.667 Thread 0x0000018d86296c80 Thread exited: 0x0000018d86296c80
Event: 9.751 Thread 0x0000018dfb1fbee0 Thread exited: 0x0000018dfb1fbee0
Event: 10.793 Thread 0x0000018dfef2ffc0 Thread exited: 0x0000018dfef2ffc0
Event: 16.792 Thread 0x0000018db4b557d0 Thread exited: 0x0000018db4b557d0
Event: 17.303 Thread 0x0000018db4b4f7e0 Thread exited: 0x0000018db4b4f7e0
Event: 22.564 Thread 0x0000018db4a48fe0 Thread added: 0x0000018d86681010
Event: 23.402 Thread 0x0000018d86681010 Thread exited: 0x0000018d86681010
Event: 107.304 Thread 0x0000018db4a48fe0 Thread added: 0x0000018d86681010


Dynamic libraries:
0x00007ff750d60000 - 0x00007ff750d70000 	C:\Program Files\Java\jdk-24\bin\java.exe
0x00007ffd22680000 - 0x00007ffd228e8000 	C:\WINDOWS\SYSTEM32\ntdll.dll
0x00007ffd21220000 - 0x00007ffd212e9000 	C:\WINDOWS\System32\KERNEL32.DLL
0x00007ffd1fc80000 - 0x00007ffd20078000 	C:\WINDOWS\System32\KERNELBASE.dll
0x00007ffd1f7d0000 - 0x00007ffd1f91b000 	C:\WINDOWS\System32\ucrtbase.dll
0x00007ffd189a0000 - 0x00007ffd189b6000 	C:\Program Files\Java\jdk-24\bin\jli.dll
0x00007ffd19fb0000 - 0x00007ffd19fcb000 	C:\Program Files\Java\jdk-24\bin\VCRUNTIME140.dll
0x00007ffd20720000 - 0x00007ffd208e7000 	C:\WINDOWS\System32\USER32.dll
0x00007ffd20290000 - 0x00007ffd202b7000 	C:\WINDOWS\System32\win32u.dll
0x00007ffd09a40000 - 0x00007ffd09cd4000 	C:\WINDOWS\WinSxS\amd64_microsoft.windows.common-controls_6595b64144ccf1df_6.0.26100.7019_none_3e06ffa0e335b8a8\COMCTL32.dll
0x00007ffd20420000 - 0x00007ffd204c9000 	C:\WINDOWS\System32\msvcrt.dll
0x00007ffd21f70000 - 0x00007ffd21f9b000 	C:\WINDOWS\System32\GDI32.dll
0x00007ffd1f920000 - 0x00007ffd1fa4c000 	C:\WINDOWS\System32\gdi32full.dll
0x00007ffd202c0000 - 0x00007ffd20363000 	C:\WINDOWS\System32\msvcp_win.dll
0x00007ffd204e0000 - 0x00007ffd20511000 	C:\WINDOWS\System32\IMM32.DLL
0x00007ffd18990000 - 0x00007ffd1899c000 	C:\Program Files\Java\jdk-24\bin\vcruntime140_1.dll
0x00007ffd0fe40000 - 0x00007ffd0fece000 	C:\Program Files\Java\jdk-24\bin\msvcp140.dll
0x00007ffc80b20000 - 0x00007ffc818c2000 	C:\Program Files\Java\jdk-24\bin\server\jvm.dll
0x00007ffd212f0000 - 0x00007ffd213a4000 	C:\WINDOWS\System32\ADVAPI32.dll
0x00007ffd20eb0000 - 0x00007ffd20f56000 	C:\WINDOWS\System32\sechost.dll
0x00007ffd20600000 - 0x00007ffd20718000 	C:\WINDOWS\System32\RPCRT4.dll
0x00007ffd21fa0000 - 0x00007ffd22014000 	C:\WINDOWS\System32\WS2_32.dll
0x00007ffd171d0000 - 0x00007ffd171db000 	C:\WINDOWS\SYSTEM32\VERSION.dll
0x00007ffd13ae0000 - 0x00007ffd13b15000 	C:\WINDOWS\SYSTEM32\WINMM.dll
0x00007ffd1f580000 - 0x00007ffd1f5de000 	C:\WINDOWS\SYSTEM32\POWRPROF.dll
0x00007ffd1f560000 - 0x00007ffd1f574000 	C:\WINDOWS\SYSTEM32\UMPDC.dll
0x00007ffd1e560000 - 0x00007ffd1e57b000 	C:\WINDOWS\SYSTEM32\kernel.appcore.dll
0x00007ffd18980000 - 0x00007ffd1898a000 	C:\Program Files\Java\jdk-24\bin\jimage.dll
0x00007ffd1ced0000 - 0x00007ffd1d112000 	C:\WINDOWS\SYSTEM32\DBGHELP.DLL
0x00007ffd220d0000 - 0x00007ffd2245b000 	C:\WINDOWS\System32\combase.dll
0x00007ffd22460000 - 0x00007ffd22537000 	C:\WINDOWS\System32\OLEAUT32.dll
0x00007ffd06010000 - 0x00007ffd0604c000 	C:\WINDOWS\SYSTEM32\dbgcore.DLL
0x00007ffd20370000 - 0x00007ffd20415000 	C:\WINDOWS\System32\bcryptPrimitives.dll
0x00007ffd0aae0000 - 0x00007ffd0ab1c000 	C:\Program Files\Java\jdk-24\bin\jdwp.dll
0x00007ffd0aad0000 - 0x00007ffd0aadf000 	C:\Program Files\Java\jdk-24\bin\instrument.dll
0x00007ffd0fe20000 - 0x00007ffd0fe3e000 	C:\Program Files\Java\jdk-24\bin\java.dll
0x00007ffd21dd0000 - 0x00007ffd21f67000 	C:\WINDOWS\System32\ole32.dll
0x00007ffd215a0000 - 0x00007ffd21cef000 	C:\WINDOWS\System32\SHELL32.dll
0x00007ffd1fb10000 - 0x00007ffd1fc7b000 	C:\WINDOWS\System32\wintypes.dll
0x00007ffd0aba0000 - 0x00007ffd0ad98000 	C:\Users\tangt\AppData\Local\Temp\idea_libasyncProfiler_dll_temp_folder1\libasyncProfiler.dll
0x00007ffd0ab60000 - 0x00007ffd0ab77000 	C:\Program Files\Java\jdk-24\bin\zip.dll
0x00007ffd1d3d0000 - 0x00007ffd1dc2d000 	C:\WINDOWS\SYSTEM32\windows.storage.dll
0x00007ffd20d80000 - 0x00007ffd20e72000 	C:\WINDOWS\System32\SHCORE.dll
0x00007ffd21530000 - 0x00007ffd21597000 	C:\WINDOWS\System32\shlwapi.dll
0x00007ffd1f6f0000 - 0x00007ffd1f719000 	C:\WINDOWS\SYSTEM32\profapi.dll
0x00007ffd0aac0000 - 0x00007ffd0aacb000 	C:\Program Files\Java\jdk-24\bin\dt_shmem.dll
0x00007ffd0fe10000 - 0x00007ffd0fe20000 	C:\Program Files\Java\jdk-24\bin\net.dll
0x00007ffd1eae0000 - 0x00007ffd1eb4b000 	C:\WINDOWS\system32\mswsock.dll
0x00007ffd0ab80000 - 0x00007ffd0ab96000 	C:\Program Files\Java\jdk-24\bin\nio.dll
0x00007ffd1dfd0000 - 0x00007ffd1e0fc000 	C:\WINDOWS\SYSTEM32\DNSAPI.dll
0x00007ffd1df40000 - 0x00007ffd1df74000 	C:\WINDOWS\SYSTEM32\IPHLPAPI.DLL
0x00007ffd20ea0000 - 0x00007ffd20eaa000 	C:\WINDOWS\System32\NSI.dll
0x00007ffd134a0000 - 0x00007ffd134ab000 	C:\Windows\System32\rasadhlp.dll
0x00007ffd13a50000 - 0x00007ffd13ad6000 	C:\WINDOWS\System32\fwpuclnt.dll
0x00007ffd0ab40000 - 0x00007ffd0ab4a000 	C:\Program Files\Java\jdk-24\bin\management.dll
0x00007ffd0ab30000 - 0x00007ffd0ab3b000 	C:\Program Files\Java\jdk-24\bin\management_ext.dll
0x00007ffd204d0000 - 0x00007ffd204d8000 	C:\WINDOWS\System32\PSAPI.DLL
0x00007ffd1edc0000 - 0x00007ffd1eddb000 	C:\WINDOWS\SYSTEM32\CRYPTSP.dll
0x00007ffd1e4c0000 - 0x00007ffd1e4fa000 	C:\WINDOWS\system32\rsaenh.dll
0x00007ffd1ebb0000 - 0x00007ffd1ebdb000 	C:\WINDOWS\SYSTEM32\USERENV.dll
0x00007ffd1f6c0000 - 0x00007ffd1f6ea000 	C:\WINDOWS\SYSTEM32\bcrypt.dll
0x00007ffd1ede0000 - 0x00007ffd1edec000 	C:\WINDOWS\SYSTEM32\CRYPTBASE.dll
0x00007ffcba970000 - 0x00007ffcba988000 	C:\WINDOWS\system32\napinsp.dll
0x00007ffcb5ef0000 - 0x00007ffcb5f02000 	C:\WINDOWS\System32\winrnr.dll
0x00007ffcfa0d0000 - 0x00007ffcfa0f2000 	C:\WINDOWS\system32\nlansp_c.dll
0x00007ffd17510000 - 0x00007ffd17526000 	C:\WINDOWS\system32\wshbth.dll
0x00007ffd0ab50000 - 0x00007ffd0ab59000 	C:\Program Files\Java\jdk-24\bin\extnet.dll
0x00007ffd0fe00000 - 0x00007ffd0fe0e000 	C:\Program Files\Java\jdk-24\bin\sunmscapi.dll
0x00007ffd20110000 - 0x00007ffd20287000 	C:\WINDOWS\System32\CRYPT32.dll
0x00007ffd1efe0000 - 0x00007ffd1f010000 	C:\WINDOWS\SYSTEM32\ncrypt.dll
0x00007ffd1ef90000 - 0x00007ffd1efcf000 	C:\WINDOWS\SYSTEM32\NTASN1.dll
0x00007ffcf6f30000 - 0x00007ffcf6f38000 	C:\WINDOWS\system32\wshunix.dll

JVMTI agents:
jdwp path:C:\Program Files\Java\jdk-24\bin\jdwp.dll, loaded, initialized, options:transport=dt_shmem,address=javadebug,suspend=y,server=n
C:\Users\tangt\AppData\Local\JetBrains\IntelliJIdea2025.1\captureAgent\debugger-agent.jar path:C:\Program Files\Java\jdk-24\bin\instrument.dll, loaded, initialized, instrumentlib options:file:///C:/Users/tangt/AppData/Local/Temp/capture1388024516115161791.props
C:\Users\tangt\AppData\Local\Temp\idea_libasyncProfiler_dll_temp_folder1\libasyncProfiler.dll path:C:\Users\tangt\AppData\Local\Temp\idea_libasyncProfiler_dll_temp_folder1\libasyncProfiler.dll, loaded, initialized, options:version,jfr,event=wall,interval=10ms,cstack=no,file=C:\Users\tangt\IdeaSnapshots\Application_2025_12_08_110213.jfr,dbghelppath=C:\Users\tangt\AppData\Local\Temp\idea_dbghelp_dll_temp_folder\dbghelp.dll,log=C:\Users\tangt\AppData\Local\Temp\Application_2025_12_08_110213.jfr.log.txt,logLevel=DEBUG

dbghelp: loaded successfully - version: 4.0.5 - missing functions: none
symbol engine: initialized successfully - sym options: 0x614 - pdb path: .;C:\Program Files\Java\jdk-24\bin;C:\WINDOWS\SYSTEM32;C:\WINDOWS\WinSxS\amd64_microsoft.windows.common-controls_6595b64144ccf1df_6.0.26100.7019_none_3e06ffa0e335b8a8;C:\Program Files\Java\jdk-24\bin\server;C:\Users\tangt\AppData\Local\Temp\idea_libasyncProfiler_dll_temp_folder1

VM Arguments:
jvm_args: -agentlib:jdwp=transport=dt_shmem,address=javadebug,suspend=y,server=n -javaagent:C:\Users\tangt\AppData\Local\JetBrains\IntelliJIdea2025.1\captureAgent\debugger-agent.jar=file:///C:/Users/tangt/AppData/Local/Temp/capture1388024516115161791.props -agentpath:C:\Users\tangt\AppData\Local\Temp\idea_libasyncProfiler_dll_temp_folder1\libasyncProfiler.dll=version,jfr,event=wall,interval=10ms,cstack=no,file=C:\Users\tangt\IdeaSnapshots\Application_2025_12_08_110213.jfr,dbghelppath=C:\Users\tangt\AppData\Local\Temp\idea_dbghelp_dll_temp_folder\dbghelp.dll,log=C:\Users\tangt\AppData\Local\Temp\Application_2025_12_08_110213.jfr.log.txt,logLevel=DEBUG -XX:TieredStopAtLevel=1 -Dspring.output.ansi.enabled=always -Dcom.sun.management.jmxremote -Dspring.jmx.enabled=true -Dspring.liveBeansView.mbeanDomain -Dspring.application.admin.enabled=true -Dmanagement.endpoints.jmx.exposure.include=* -Dkotlinx.coroutines.debug.enable.creation.stack.trace=false -Ddebugger.agent.enable.coroutines=true -Dkotlinx.coroutines.debug.enable.flows.stack.trace=true -Dkotlinx.coroutines.debug.enable.mutable.state.flows.stack.trace=true -Dfile.encoding=UTF-8 -Dsun.stdout.encoding=UTF-8 -Dsun.stderr.encoding=UTF-8 
java_command: com.capston.project.back.end.Application
java_class_path (initial): D:\CapstoneProject\capstone-back-end-java\target\classes;C:\Users\tangt\.m2\repository\org\springframework\boot\spring-boot-docker-compose\4.0.0-SNAPSHOT\spring-boot-docker-compose-4.0.0-20251120.144330-848.jar;C:\Users\tangt\.m2\repository\org\springframework\boot\spring-boot-autoconfigure\4.0.0-SNAPSHOT\spring-boot-autoconfigure-4.0.0-20251120.144330-848.jar;C:\Users\tangt\.m2\repository\tools\jackson\core\jackson-databind\3.0.2\jackson-databind-3.0.2.jar;C:\Users\tangt\.m2\repository\com\fasterxml\jackson\core\jackson-annotations\2.20\jackson-annotations-2.20.jar;C:\Users\tangt\.m2\repository\tools\jackson\core\jackson-core\3.0.2\jackson-core-3.0.2.jar;C:\Users\tangt\.m2\repository\org\projectlombok\lombok\1.18.42\lombok-1.18.42.jar;C:\Users\tangt\.m2\repository\org\modelmapper\modelmapper\3.2.2\modelmapper-3.2.2.jar;C:\Users\tangt\.m2\repository\org\springframework\boot\spring-boot-devtools\4.0.0-SNAPSHOT\spring-boot-devtools-4.0.0-20251120.144330-848.jar;C:\Users\tangt\.m2\repository\org\springframework\boot\spring-boot\4.0.0-SNAPSHOT\spring-boot-4.0.0-20251120.144330-848.jar;C:\Users\tangt\.m2\repository\org\springframework\spring-context\7.0.1\spring-context-7.0.1.jar;C:\Users\tangt\.m2\repository\org\springframework\spring-expression\7.0.1\spring-expression-7.0.1.jar;C:\Users\tangt\.m2\repository\io\micrometer\micrometer-observation\1.16.0\micrometer-observation-1.16.0.jar;C:\Users\tangt\.m2\repository\io\micrometer\micrometer-commons\1.16.0\micrometer-commons-1.16.0.jar;C:\Users\tangt\.m2\repository\org\springframework\boot\spring-boot-starter-web\4.0.0-SNAPSHOT\spring-boot-starter-web-4.0.0-20251120.144330-848.jar;C:\Users\tangt\.m2\repository\org\springframework\boot\spring-boot-starter-jackson\4.0.0-SNAPSHOT\spring-boot-starter-jackson-4.0.0-20251120.144330-532.jar;C:\Users\tangt\.m2\repository\org\springframework\boot\spring-boot-jackson\4.0.0-SNAPSHOT\spring-boot-jackson-4.0.0-20251120.144330-675.jar;C:\Users\tangt\.m2\repository\org\springframework\boot\spring-boot-starter-tomcat\4.0.0-SNAPSHOT\spring-boot-starter-tomcat-4.0.0-20251120.144330-848.jar;C:\Users\tangt\.m2\repository\org\springframework\boot\spring-boot-starter-tomcat-runtime\4.0.0-SNAPSHOT\spring-boot-starter-tomcat-runtime-4.0.0-20251120.144330-9.jar;C:\Users\tangt\.m2\repository\org\springframework\boot\spring-boot-web-server\4.0.0-SNAPSHOT\spring-boot-web-server-4.0.0-20251120.144330-605.jar;C:\Users\tangt\.m2\repository\org\apache\tomcat\embed\tomcat-embed-core\11.0.14\tomcat-embed-core-11.0.14.jar;C:\Users\tangt\.m2\repository\org\apache\tomcat\embed\tomcat-embed-websocket\11.0.14\tomcat-embed-websocket-11.0.14.jar;C:\Users\tangt\.m2\repository\org\springframework\boot\spring-boot-tomcat\4.0.0-SNAPSHOT\spring-boot-tomcat-4.0.0-20251120.144330-686.jar;C:\Users\tangt\.m2\repository\org\springframework\boot\spring-boot-http-converter\4.0.0-SNAPSHOT\spring-boot-http-converter-4.0.0-20251120.144330-600.jar;C:\Users\tangt\.m2\repository\org\springframework\spring-web\7.0.1\spring-web-7.0.1.jar;C:\Users\tangt\.m2\repository\org\springframework\boot\spring-boot-webmvc\4.0.0-SNAPSHOT\spring-boot-webmvc-4.0.0-20251120.144330-635.jar;C:\Users\tangt\.m2\repository\org\springframework\boot\spring-boot-servlet\4.0.0-SNAPSHOT\spring-boot-servlet-4.0.0-20251120.144330-590.jar;C:\Users\tangt\.m2\repository\org\springframework\spring-webmvc\7.0.1\spring-webmvc-7.0.1.jar;C:\Users\tangt\.m2\repository\org\springframework\boot\spring-boot-starter-data-jpa\4.0.0-SNAPSHOT\spring-boot-starter-data-jpa-4.0.0-20251120.144330-848.jar;C:\Users\tangt\.m2\repository\org\springframework\boot\spring-boot-starter\4.0.0-SNAPSHOT\spring-boot-starter-4.0.0-20251120.144330-848.jar;C:\Users\tangt\.m2\repository\org\springframework\boot\spring-boot-starter-logging\4.0.0-SNAPSHOT\spring-boot-starter-logging-4.0.0-20251120.144330-848.jar;C:\Users\tangt\.m2\repository\ch\qos\logback\logback-classic\1.5.21\logback-classic-1.5.21.jar;C:\Users\tangt\.m2\repository\ch\qos\logback\logback-core\1.5.21\logback-core-1.5.21.jar;C:\Users\tangt\.m2\repository\org\apache\logging\log4j\log4j-to-slf4j\2.25.2\log4j-to-slf4j-2.25.2.jar;C:\Users\tangt\.m2\repository\org\apache\logging\log4j\log4j-api\2.25.2\log4j-api-2.25.2.jar;C:\Users\tangt\.m2\repository\org\slf4j\jul-to-slf4j\2.0.17\jul-to-slf4j-2.0.17.jar;C:\Users\tangt\.m2\repository\jakarta\annotation\jakarta.annotation-api\3.0.0\jakarta.annotation-api-3.0.0.jar;C:\Users\tangt\.m2\repository\org\yaml\snakeyaml\2.5\snakeyaml-2.5.jar;C:\Users\tangt\.m2\repository\org\springframework\boot\spring-boot-starter-jdbc\4.0.0-SNAPSHOT\spring-boot-starter-jdbc-4.0.0-20251120.144330-848.jar;C:\Users\tangt\.m2\repository\com\zaxxer\HikariCP\7.0.2\HikariCP-7.0.2.jar;C:\Users\tangt\.m2\repository\org\springframework\boot\spring-boot-data-jpa\4.0.0-SNAPSHOT\spring-boot-data-jpa-4.0.0-20251120.144330-655.jar;C:\Users\tangt\.m2\repository\org\springframework\boot\spring-boot-data-commons\4.0.0-SNAPSHOT\spring-boot-data-commons-4.0.0-20251120.144330-590.jar;C:\Users\tangt\.m2\repository\org\springframework\boot\spring-boot-persistence\4.0.0-SNAPSHOT\spring-boot-persistence-4.0.0-20251120.144330-333.jar;C:\Users\tangt\.m2\repository\org\springframework\data\spring-data-commons\4.0.0\spring-data-commons-4.0.0.jar;C:\Users\tangt\.m2\repository\org\springframework\boot\spring-boot-hibernate\4.0.0-SNAPSHOT\spring-boot-hibernate-4.0.0-20251120.144330-590.jar;C:\Users\tangt\.m2\repository\org\springframework\boot\spring-boot-jpa\4.0.0-SNAPSHOT\spring-boot-jpa-4.0.0-20251120.144330-655.jar;C:\Users\tangt\.m2\repository\jakarta\persistence\jakarta.persistence-api\3.2.0\jakarta.persistence-api-3.2.0.jar;C:\Users\tangt\.m2\repository\org\hibernate\orm\hibernate-core\7.1.8.Final\hibernate-core-7.1.8.Final.jar;C:\Users\tangt\.m2\repository\jakarta\transaction\jakarta.transaction-api\2.0.1\jakarta.transaction-api-2.0.1.jar;C:\Users\tangt\.m2\repository\org\hibernate\models\hibernate-models\1.0.1\hibernate-models-1.0.1.jar;C:\Users\tangt\.m2\repository\org\glassfish\jaxb\jaxb-runtime\4.0.6\jaxb-runtime-4.0.6.jar;C:\Users\tangt\.m2\repository\org\glassfish\jaxb\jaxb-core\4.0.6\jaxb-core-4.0.6.jar;C:\Users\tangt\.m2\repository\org\eclipse\angus\angus-activation\2.0.3\angus-activation-2.0.3.jar;C:\Users\tangt\.m2\repository\org\glassfish\jaxb\txw2\4.0.6\txw2-4.0.6.jar;C:\Users\tangt\.m2\repository\com\sun\istack\istack-commons-runtime\4.1.2\istack-commons-runtime-4.1.2.jar;C:\Users\tangt\.m2\repository\jakarta\inject\jakarta.inject-api\2.0.1\jakarta.inject-api-2.0.1.jar;C:\Users\tangt\.m2\repository\org\springframework\spring-orm\7.0.1\spring-orm-7.0.1.jar;C:\Users\tangt\.m2\repository\org\springframework\data\spring-data-jpa\4.0.0\spring-data-jpa-4.0.0.jar;C:\Users\tangt\.m2\repository\org\springframework\spring-tx\7.0.1\spring-tx-7.0.1.jar;C:\Users\tangt\.m2\repository\org\antlr\antlr4-runtime\4.13.2\antlr4-runtime-4.13.2.jar;C:\Users\tangt\.m2\repository\org\springframework\spring-aspects\7.0.1\spring-aspects-7.0.1.jar;C:\Users\tangt\.m2\repository\org\aspectj\aspectjweaver\1.9.25\aspectjweaver-1.9.25.jar;C:\Users\tangt\.m2\repository\org\springframework\boot\spring-boot-jdbc\4.0.0-SNAPSHOT\spring-boot-jdbc-4.0.0-20251120.144330-669.jar;C:\Users\tangt\.m2\repository\org\springframework\boot\spring-boot-sql\4.0.0-SNAPSHOT\spring-boot-sql-4.0.0-20251120.144330-618.jar;C:\Users\tangt\.m2\repository\org\springframework\boot\spring-boot-transaction\4.0.0-SNAPSHOT\spring-boot-transaction-4.0.0-20251120.144330-214.jar;C:\Users\tangt\.m2\repository\org\springframework\spring-jdbc\7.0.1\spring-jdbc-7.0.1.jar;C:\Users\tangt\.m2\repository\org\springframework\boot\spring-boot-starter-security\4.0.0-SNAPSHOT\spring-boot-starter-security-4.0.0-20251120.144330-848.jar;C:\Users\tangt\.m2\repository\org\springframework\boot\spring-boot-security\4.0.0-SNAPSHOT\spring-boot-security-4.0.0-20251120.144330-625.jar;C:\Users\tangt\.m2\repository\org\springframework\security\spring-security-config\7.0.0\spring-security-config-7.0.0.jar;C:\Users\tangt\.m2\repository\org\springframework\security\spring-security-core\7.0.0\spring-security-core-7.0.0.jar;C:\Users\tangt\.m2\repository\org\springframework\security\spring-security-crypto\7.0.0\spring-security-crypto-7.0.0.jar;C:\Users\tangt\.m2\repository\org\springframework\security\spring-security-web\7.0.0\spring-security-web-7.0.0.jar;C:\Users\tangt\.m2\repository\org\springframework\spring-aop\7.0.1\spring-aop-7.0.1.jar;C:\Users\tangt\.m2\repository\org\springframework\spring-beans\7.0.1\spring-beans-7.0.1.jar;C:\Users\tangt\.m2\repository\jakarta\xml\bind\jakarta.xml.bind-api\4.0.4\jakarta.xml.bind-api-4.0.4.jar;C:\Users\tangt\.m2\repository\jakarta\activation\jakarta.activation-api\2.1.4\jakarta.activation-api-2.1.4.jar;C:\Users\tangt\.m2\repository\net\bytebuddy\byte-buddy\1.17.8\byte-buddy-1.17.8.jar;C:\Users\tangt\.m2\repository\org\springframework\spring-core\7.0.1\spring-core-7.0.1.jar;C:\Users\tangt\.m2\repository\commons-logging\commons-logging\1.3.5\commons-logging-1.3.5.jar;C:\Users\tangt\.m2\repository\org\jspecify\jspecify\1.0.0\jspecify-1.0.0.jar;C:\Users\tangt\.m2\repository\org\postgresql\postgresql\42.7.8\postgresql-42.7.8.jar;C:\Users\tangt\.m2\repository\org\checkerframework\checker-qual\3.49.5\checker-qual-3.49.5.jar;C:\Users\tangt\.m2\repository\io\jsonwebtoken\jjwt-api\0.11.5\jjwt-api-0.11.5.jar;C:\Users\tangt\.m2\repository\io\jsonwebtoken\jjwt-impl\0.11.5\jjwt-impl-0.11.5.jar;C:\Users\tangt\.m2\repository\io\jsonwebtoken\jjwt-jackson\0.11.5\jjwt-jackson-0.11.5.jar;C:\Users\tangt\.m2\repository\com\fasterxml\jackson\core\jackson-databind\2.20.1\jackson-databind-2.20.1.jar;C:\Users\tangt\.m2\repository\com\fasterxml\jackson\core\jackson-core\2.20.1\jackson-core-2.20.1.jar;C:\Users\tangt\.m2\repository\org\springframework\boot\spring-boot-starter-validation\4.0.0-SNAPSHOT\spring-boot-starter-validation-4.0.0-20251120.144330-848.jar;C:\Users\tangt\.m2\repository\org\springframework\boot\spring-boot-validation\4.0.0-SNAPSHOT\spring-boot-validation-4.0.0-20251120.144330-667.jar;C:\Users\tangt\.m2\repository\org\apache\tomcat\embed\tomcat-embed-el\11.0.14\tomcat-embed-el-11.0.14.jar;C:\Users\tangt\.m2\repository\org\hibernate\validator\hibernate-validator\9.0.1.Final\hibernate-validator-9.0.1.Final.jar;C:\Users\tangt\.m2\repository\jakarta\validation\jakarta.validation-api\3.1.1\jakarta.validation-api-3.1.1.jar;C:\Users\tangt\.m2\repository\org\jboss\logging\jboss-logging\3.6.1.Final\jboss-logging-3.6.1.Final.jar;C:\Users\tangt\.m2\repository\com\fasterxml\classmate\1.7.1\classmate-1.7.1.jar;C:\Users\tangt\.m2\repository\org\testng\testng\7.11.0\testng-7.11.0.jar;C:\Users\tangt\.m2\repository\org\slf4j\slf4j-api\2.0.17\slf4j-api-2.0.17.jar;C:\Users\tangt\.m2\repository\org\jcommander\jcommander\1.83\jcommander-1.83.jar;C:\Users\tangt\.m2\repository\org\webjars\jquery\3.7.1\jquery-3.7.1.jar;C:\Program Files\JetBrains\IntelliJ IDEA 2025.1\lib\idea_rt.jar
Launcher Type: SUN_STANDARD

[Global flags]
     intx CICompilerCount                          = 4                                         {product} {ergonomic}
     uint ConcGCThreads                            = 2                                         {product} {ergonomic}
     uint G1ConcRefinementThreads                  = 8                                         {product} {ergonomic}
   size_t G1HeapRegionSize                         = 2097152                                   {product} {ergonomic}
   size_t InitialHeapSize                          = 268435456                                 {product} {ergonomic}
     bool ManagementServer                         = true                                      {product} {command line}
   size_t MarkStackSize                            = 4194304                                   {product} {ergonomic}
   size_t MarkStackSizeMax                         = 536870912                                 {product} {ergonomic}
   size_t MaxHeapSize                              = 4271898624                                {product} {ergonomic}
   size_t MaxNewSize                               = 2562719744                                {product} {ergonomic}
   size_t MinHeapDeltaBytes                        = 2097152                                   {product} {ergonomic}
   size_t MinHeapSize                              = 8388608                                   {product} {ergonomic}
    uintx NonNMethodCodeHeapSize                   = 4096                                   {pd product} {ergonomic}
    uintx NonProfiledCodeHeapSize                  = 0                                      {pd product} {ergonomic}
     bool ProfileInterpreter                       = false                                  {pd product} {command line}
    uintx ProfiledCodeHeapSize                     = 0                                      {pd product} {ergonomic}
   size_t SoftMaxHeapSize                          = 4271898624                             {manageable} {ergonomic}
     intx TieredStopAtLevel                        = 1                                         {product} {command line}
     bool UseCompressedOops                        = true                           {product lp64_product} {ergonomic}
     bool UseG1GC                                  = true                                      {product} {ergonomic}
     bool UseLargePagesIndividualAllocation        = false                                  {pd product} {ergonomic}

Logging:
Log output configuration:
 #0: stdout all=warning uptime,level,tags foldmultilines=false
 #1: stderr all=off uptime,level,tags foldmultilines=false

Environment Variables:
JAVA_HOME=C:\Program Files\Java\jdk-24
PATH=C:\Program Files\Common Files\Oracle\Java\javapath;C:\Windows\system32;C:\Windows;C:\Windows\System32\Wbem;C:\Windows\System32\WindowsPowerShell\v1.0\;C:\Windows\System32\OpenSSH\;C:\Program Files (x86)\NVIDIA Corporation\PhysX\Common;C:\Program Files\NVIDIA Corporation\NVIDIA NvDLISR;C:\WINDOWS\system32;C:\WINDOWS;C:\WINDOWS\System32\Wbem;C:\WINDOWS\System32\WindowsPowerShell\v1.0\;C:\WINDOWS\System32\OpenSSH\;C:\msys64\ucrt64\bin;C:\Program Files\Git\cmd;C:\Users\tangt\Downloads\Apache-maven\apache-maven-3.9.6-bin\apache-maven-3.9.6\bin;C:\Program Files\Azure Data Studio\bin;C:\ProgramData\chocolatey\bin;C:\Program Files\Java\jdk-17\bin;C:\Program Files\Docker\Docker\resources\bin;C:\Program Files\nodejs\;C:\Users\tangt\.console-ninja\.bin;C:\Users\tangt\AppData\Local\Programs\Python\Python312\Scripts\;C:\Users\tangt\AppData\Local\Programs\Python\Python312\;C:\Users\tangt\AppData\Local\Microsoft\WindowsApps;C:\Users\tangt\AppData\Local\Programs\Microsoft VS Code\bin;C:\msys64\ucrt64\bin;;C:\Program Files\Azure Data Studio\bin;C:\Program Files\JetBrains\PyCharm 2024.1.1\bin;C:\Users\tangt\AppData\Local\Microsoft\WindowsApps;C:\Users\tangt\AppData\Local\Programs\mongosh\;C:\Users\tangt\AppData\Roaming\npm
USERNAME=tangt
OS=Windows_NT
PROCESSOR_IDENTIFIER=Intel64 Family 6 Model 165 Stepping 2, GenuineIntel
TMP=C:\Users\tangt\AppData\Local\Temp
TEMP=C:\Users\tangt\AppData\Local\Temp




Periodic native trim disabled

---------------  S Y S T E M  ---------------

OS:
 Windows 11 , 64 bit Build 26100 (10.0.26100.7019)
OS uptime: 7 days 0:30 hours
Hyper-V role detected

CPU: total 8 (initial active 8) (4 cores per cpu, 2 threads per core) family 6 model 165 stepping 2 microcode 0xe0, cx8, cmov, fxsr, ht, mmx, 3dnowpref, sse, sse2, sse3, ssse3, sse4.1, sse4.2, popcnt, lzcnt, tsc, tscinvbit, avx, avx2, aes, erms, clmul, bmi1, bmi2, adx, fma, vzeroupper, clflush, clflushopt, hv, rdtscp, f16c
Processor Information for the first 8 processors :
  Max Mhz: 2496, Current Mhz: 2496, Mhz Limit: 2496

Memory: 4k page, system-wide physical 16292M (3338M free)
TotalPageFile size 24996M (AvailPageFile size 4783M)
current process WorkingSet (physical memory assigned to process): 388M, peak: 388M
current process commit charge ("private bytes"): 436M, peak: 436M

vm_info: Java HotSpot(TM) 64-Bit Server VM (24.0.1+9-30) for windows-amd64 JRE (24.0.1+9-30), built on 2025-03-05T07:23:45Z with MS VC++ 17.6 (VS2022)

END.
